2024-09-07 23:07:55,124 - main.views - INFO - In about us
2024-09-07 23:08:04,307 - main.views - INFO - In profile
2024-09-07 23:08:20,161 - main.views - INFO - In managment
2024-09-09 17:35:22,679 - django.request - WARNING - Not Found: /favicon.ico
2024-09-09 17:35:31,365 - main.views - INFO - In orders
2024-09-09 17:35:34,720 - main.views - INFO - In login
2024-09-09 17:35:44,004 - main.views - INFO - In login
2024-09-09 17:35:51,315 - main.views - INFO - In cart
2024-09-09 17:35:54,622 - main.views - INFO - In cart
2024-09-09 17:36:55,214 - main.views - INFO - In login
2024-09-09 17:37:00,707 - main.views - INFO - In profile
2024-09-09 17:57:37,275 - django.request - ERROR - Internal Server Error: /
Traceback (most recent call last):
  File "C:\Users\Alexander\Desktop\bsuir\IGI\253505_Stanishewski_21\STRWEB\LR1\mysite\.venv\lib\site-packages\django\urls\base.py", line 71, in reverse
    extra, resolver = resolver.namespace_dict[ns]
KeyError: 'main'

During handling of the above exception, another exception occurred:

Traceback (most recent call last):
  File "C:\Users\Alexander\Desktop\bsuir\IGI\253505_Stanishewski_21\STRWEB\LR1\mysite\.venv\lib\site-packages\django\core\handlers\exception.py", line 55, in inner
    response = get_response(request)
  File "C:\Users\Alexander\Desktop\bsuir\IGI\253505_Stanishewski_21\STRWEB\LR1\mysite\.venv\lib\site-packages\django\core\handlers\base.py", line 197, in _get_response
    response = wrapped_callback(request, *callback_args, **callback_kwargs)
  File "C:\Users\Alexander\Desktop\bsuir\IGI\253505_Stanishewski_21\STRWEB\LR1\mysite\cleaningsite\main\views.py", line 39, in index
    return index_btn(request)
  File "C:\Users\Alexander\Desktop\bsuir\IGI\253505_Stanishewski_21\STRWEB\LR1\mysite\cleaningsite\main\views.py", line 98, in index_btn
    return render(request,"main/index.html",
  File "C:\Users\Alexander\Desktop\bsuir\IGI\253505_Stanishewski_21\STRWEB\LR1\mysite\.venv\lib\site-packages\django\shortcuts.py", line 25, in render
    content = loader.render_to_string(template_name, context, request, using=using)
  File "C:\Users\Alexander\Desktop\bsuir\IGI\253505_Stanishewski_21\STRWEB\LR1\mysite\.venv\lib\site-packages\django\template\loader.py", line 62, in render_to_string
    return template.render(context, request)
  File "C:\Users\Alexander\Desktop\bsuir\IGI\253505_Stanishewski_21\STRWEB\LR1\mysite\.venv\lib\site-packages\django\template\backends\django.py", line 61, in render
    return self.template.render(context)
  File "C:\Users\Alexander\Desktop\bsuir\IGI\253505_Stanishewski_21\STRWEB\LR1\mysite\.venv\lib\site-packages\django\template\base.py", line 171, in render
    return self._render(context)
  File "C:\Users\Alexander\Desktop\bsuir\IGI\253505_Stanishewski_21\STRWEB\LR1\mysite\.venv\lib\site-packages\django\template\base.py", line 163, in _render
    return self.nodelist.render(context)
  File "C:\Users\Alexander\Desktop\bsuir\IGI\253505_Stanishewski_21\STRWEB\LR1\mysite\.venv\lib\site-packages\django\template\base.py", line 1000, in render
    return SafeString("".join([node.render_annotated(context) for node in self]))
  File "C:\Users\Alexander\Desktop\bsuir\IGI\253505_Stanishewski_21\STRWEB\LR1\mysite\.venv\lib\site-packages\django\template\base.py", line 1000, in <listcomp>
    return SafeString("".join([node.render_annotated(context) for node in self]))
  File "C:\Users\Alexander\Desktop\bsuir\IGI\253505_Stanishewski_21\STRWEB\LR1\mysite\.venv\lib\site-packages\django\template\base.py", line 961, in render_annotated
    return self.render(context)
  File "C:\Users\Alexander\Desktop\bsuir\IGI\253505_Stanishewski_21\STRWEB\LR1\mysite\.venv\lib\site-packages\django\template\loader_tags.py", line 159, in render
    return compiled_parent._render(context)
  File "C:\Users\Alexander\Desktop\bsuir\IGI\253505_Stanishewski_21\STRWEB\LR1\mysite\.venv\lib\site-packages\django\template\base.py", line 163, in _render
    return self.nodelist.render(context)
  File "C:\Users\Alexander\Desktop\bsuir\IGI\253505_Stanishewski_21\STRWEB\LR1\mysite\.venv\lib\site-packages\django\template\base.py", line 1000, in render
    return SafeString("".join([node.render_annotated(context) for node in self]))
  File "C:\Users\Alexander\Desktop\bsuir\IGI\253505_Stanishewski_21\STRWEB\LR1\mysite\.venv\lib\site-packages\django\template\base.py", line 1000, in <listcomp>
    return SafeString("".join([node.render_annotated(context) for node in self]))
  File "C:\Users\Alexander\Desktop\bsuir\IGI\253505_Stanishewski_21\STRWEB\LR1\mysite\.venv\lib\site-packages\django\template\base.py", line 961, in render_annotated
    return self.render(context)
  File "C:\Users\Alexander\Desktop\bsuir\IGI\253505_Stanishewski_21\STRWEB\LR1\mysite\.venv\lib\site-packages\django\template\loader_tags.py", line 65, in render
    result = block.nodelist.render(context)
  File "C:\Users\Alexander\Desktop\bsuir\IGI\253505_Stanishewski_21\STRWEB\LR1\mysite\.venv\lib\site-packages\django\template\base.py", line 1000, in render
    return SafeString("".join([node.render_annotated(context) for node in self]))
  File "C:\Users\Alexander\Desktop\bsuir\IGI\253505_Stanishewski_21\STRWEB\LR1\mysite\.venv\lib\site-packages\django\template\base.py", line 1000, in <listcomp>
    return SafeString("".join([node.render_annotated(context) for node in self]))
  File "C:\Users\Alexander\Desktop\bsuir\IGI\253505_Stanishewski_21\STRWEB\LR1\mysite\.venv\lib\site-packages\django\template\base.py", line 961, in render_annotated
    return self.render(context)
  File "C:\Users\Alexander\Desktop\bsuir\IGI\253505_Stanishewski_21\STRWEB\LR1\mysite\.venv\lib\site-packages\django\template\defaulttags.py", line 242, in render
    nodelist.append(node.render_annotated(context))
  File "C:\Users\Alexander\Desktop\bsuir\IGI\253505_Stanishewski_21\STRWEB\LR1\mysite\.venv\lib\site-packages\django\template\base.py", line 961, in render_annotated
    return self.render(context)
  File "C:\Users\Alexander\Desktop\bsuir\IGI\253505_Stanishewski_21\STRWEB\LR1\mysite\.venv\lib\site-packages\django\template\base.py", line 1059, in render
    output = self.filter_expression.resolve(context)
  File "C:\Users\Alexander\Desktop\bsuir\IGI\253505_Stanishewski_21\STRWEB\LR1\mysite\.venv\lib\site-packages\django\template\base.py", line 710, in resolve
    obj = self.var.resolve(context)
  File "C:\Users\Alexander\Desktop\bsuir\IGI\253505_Stanishewski_21\STRWEB\LR1\mysite\.venv\lib\site-packages\django\template\base.py", line 842, in resolve
    value = self._resolve_lookup(context)
  File "C:\Users\Alexander\Desktop\bsuir\IGI\253505_Stanishewski_21\STRWEB\LR1\mysite\.venv\lib\site-packages\django\template\base.py", line 909, in _resolve_lookup
    current = current()
  File "C:\Users\Alexander\Desktop\bsuir\IGI\253505_Stanishewski_21\STRWEB\LR1\mysite\cleaningsite\main\models.py", line 30, in get_absolute_url
    return reverse("main:service_detail",
  File "C:\Users\Alexander\Desktop\bsuir\IGI\253505_Stanishewski_21\STRWEB\LR1\mysite\.venv\lib\site-packages\django\urls\base.py", line 82, in reverse
    raise NoReverseMatch("%s is not a registered namespace" % key)
django.urls.exceptions.NoReverseMatch: 'main' is not a registered namespace
2024-09-09 17:58:24,645 - django.utils.autoreload - INFO - C:\Users\Alexander\Desktop\bsuir\IGI\253505_Stanishewski_21\STRWEB\LR1\mysite\cleaningsite\main\models.py changed, reloading.
2024-09-09 17:59:00,490 - django.utils.autoreload - INFO - C:\Users\Alexander\Desktop\bsuir\IGI\253505_Stanishewski_21\STRWEB\LR1\mysite\cleaningsite\main\models.py changed, reloading.
2024-09-09 17:59:32,069 - django.request - ERROR - Internal Server Error: /
Traceback (most recent call last):
  File "C:\Users\Alexander\Desktop\bsuir\IGI\253505_Stanishewski_21\STRWEB\LR1\mysite\.venv\lib\site-packages\django\core\handlers\exception.py", line 55, in inner
    response = get_response(request)
  File "C:\Users\Alexander\Desktop\bsuir\IGI\253505_Stanishewski_21\STRWEB\LR1\mysite\.venv\lib\site-packages\django\core\handlers\base.py", line 197, in _get_response
    response = wrapped_callback(request, *callback_args, **callback_kwargs)
  File "C:\Users\Alexander\Desktop\bsuir\IGI\253505_Stanishewski_21\STRWEB\LR1\mysite\cleaningsite\main\views.py", line 39, in index
    return index_btn(request)
  File "C:\Users\Alexander\Desktop\bsuir\IGI\253505_Stanishewski_21\STRWEB\LR1\mysite\cleaningsite\main\views.py", line 98, in index_btn
    return render(request,"main/index.html",
  File "C:\Users\Alexander\Desktop\bsuir\IGI\253505_Stanishewski_21\STRWEB\LR1\mysite\.venv\lib\site-packages\django\shortcuts.py", line 25, in render
    content = loader.render_to_string(template_name, context, request, using=using)
  File "C:\Users\Alexander\Desktop\bsuir\IGI\253505_Stanishewski_21\STRWEB\LR1\mysite\.venv\lib\site-packages\django\template\loader.py", line 62, in render_to_string
    return template.render(context, request)
  File "C:\Users\Alexander\Desktop\bsuir\IGI\253505_Stanishewski_21\STRWEB\LR1\mysite\.venv\lib\site-packages\django\template\backends\django.py", line 61, in render
    return self.template.render(context)
  File "C:\Users\Alexander\Desktop\bsuir\IGI\253505_Stanishewski_21\STRWEB\LR1\mysite\.venv\lib\site-packages\django\template\base.py", line 171, in render
    return self._render(context)
  File "C:\Users\Alexander\Desktop\bsuir\IGI\253505_Stanishewski_21\STRWEB\LR1\mysite\.venv\lib\site-packages\django\template\base.py", line 163, in _render
    return self.nodelist.render(context)
  File "C:\Users\Alexander\Desktop\bsuir\IGI\253505_Stanishewski_21\STRWEB\LR1\mysite\.venv\lib\site-packages\django\template\base.py", line 1000, in render
    return SafeString("".join([node.render_annotated(context) for node in self]))
  File "C:\Users\Alexander\Desktop\bsuir\IGI\253505_Stanishewski_21\STRWEB\LR1\mysite\.venv\lib\site-packages\django\template\base.py", line 1000, in <listcomp>
    return SafeString("".join([node.render_annotated(context) for node in self]))
  File "C:\Users\Alexander\Desktop\bsuir\IGI\253505_Stanishewski_21\STRWEB\LR1\mysite\.venv\lib\site-packages\django\template\base.py", line 961, in render_annotated
    return self.render(context)
  File "C:\Users\Alexander\Desktop\bsuir\IGI\253505_Stanishewski_21\STRWEB\LR1\mysite\.venv\lib\site-packages\django\template\loader_tags.py", line 159, in render
    return compiled_parent._render(context)
  File "C:\Users\Alexander\Desktop\bsuir\IGI\253505_Stanishewski_21\STRWEB\LR1\mysite\.venv\lib\site-packages\django\template\base.py", line 163, in _render
    return self.nodelist.render(context)
  File "C:\Users\Alexander\Desktop\bsuir\IGI\253505_Stanishewski_21\STRWEB\LR1\mysite\.venv\lib\site-packages\django\template\base.py", line 1000, in render
    return SafeString("".join([node.render_annotated(context) for node in self]))
  File "C:\Users\Alexander\Desktop\bsuir\IGI\253505_Stanishewski_21\STRWEB\LR1\mysite\.venv\lib\site-packages\django\template\base.py", line 1000, in <listcomp>
    return SafeString("".join([node.render_annotated(context) for node in self]))
  File "C:\Users\Alexander\Desktop\bsuir\IGI\253505_Stanishewski_21\STRWEB\LR1\mysite\.venv\lib\site-packages\django\template\base.py", line 961, in render_annotated
    return self.render(context)
  File "C:\Users\Alexander\Desktop\bsuir\IGI\253505_Stanishewski_21\STRWEB\LR1\mysite\.venv\lib\site-packages\django\template\loader_tags.py", line 65, in render
    result = block.nodelist.render(context)
  File "C:\Users\Alexander\Desktop\bsuir\IGI\253505_Stanishewski_21\STRWEB\LR1\mysite\.venv\lib\site-packages\django\template\base.py", line 1000, in render
    return SafeString("".join([node.render_annotated(context) for node in self]))
  File "C:\Users\Alexander\Desktop\bsuir\IGI\253505_Stanishewski_21\STRWEB\LR1\mysite\.venv\lib\site-packages\django\template\base.py", line 1000, in <listcomp>
    return SafeString("".join([node.render_annotated(context) for node in self]))
  File "C:\Users\Alexander\Desktop\bsuir\IGI\253505_Stanishewski_21\STRWEB\LR1\mysite\.venv\lib\site-packages\django\template\base.py", line 961, in render_annotated
    return self.render(context)
  File "C:\Users\Alexander\Desktop\bsuir\IGI\253505_Stanishewski_21\STRWEB\LR1\mysite\.venv\lib\site-packages\django\template\defaulttags.py", line 242, in render
    nodelist.append(node.render_annotated(context))
  File "C:\Users\Alexander\Desktop\bsuir\IGI\253505_Stanishewski_21\STRWEB\LR1\mysite\.venv\lib\site-packages\django\template\base.py", line 961, in render_annotated
    return self.render(context)
  File "C:\Users\Alexander\Desktop\bsuir\IGI\253505_Stanishewski_21\STRWEB\LR1\mysite\.venv\lib\site-packages\django\template\base.py", line 1059, in render
    output = self.filter_expression.resolve(context)
  File "C:\Users\Alexander\Desktop\bsuir\IGI\253505_Stanishewski_21\STRWEB\LR1\mysite\.venv\lib\site-packages\django\template\base.py", line 710, in resolve
    obj = self.var.resolve(context)
  File "C:\Users\Alexander\Desktop\bsuir\IGI\253505_Stanishewski_21\STRWEB\LR1\mysite\.venv\lib\site-packages\django\template\base.py", line 842, in resolve
    value = self._resolve_lookup(context)
  File "C:\Users\Alexander\Desktop\bsuir\IGI\253505_Stanishewski_21\STRWEB\LR1\mysite\.venv\lib\site-packages\django\template\base.py", line 909, in _resolve_lookup
    current = current()
  File "C:\Users\Alexander\Desktop\bsuir\IGI\253505_Stanishewski_21\STRWEB\LR1\mysite\cleaningsite\main\models.py", line 30, in get_absolute_url
    return reverse("service_detail",
  File "C:\Users\Alexander\Desktop\bsuir\IGI\253505_Stanishewski_21\STRWEB\LR1\mysite\.venv\lib\site-packages\django\urls\base.py", line 88, in reverse
    return resolver._reverse_with_prefix(view, prefix, *args, **kwargs)
  File "C:\Users\Alexander\Desktop\bsuir\IGI\253505_Stanishewski_21\STRWEB\LR1\mysite\.venv\lib\site-packages\django\urls\resolvers.py", line 851, in _reverse_with_prefix
    raise NoReverseMatch(msg)
django.urls.exceptions.NoReverseMatch: Reverse for 'service_detail' not found. 'service_detail' is not a valid view function or pattern name.
2024-09-09 18:02:19,948 - django.utils.autoreload - INFO - C:\Users\Alexander\Desktop\bsuir\IGI\253505_Stanishewski_21\STRWEB\LR1\mysite\cleaningsite\main\views.py changed, reloading.
2024-09-09 18:02:46,091 - django.utils.autoreload - INFO - C:\Users\Alexander\Desktop\bsuir\IGI\253505_Stanishewski_21\STRWEB\LR1\mysite\cleaningsite\main\views.py changed, reloading.
2024-09-09 18:02:56,853 - django.utils.autoreload - INFO - C:\Users\Alexander\Desktop\bsuir\IGI\253505_Stanishewski_21\STRWEB\LR1\mysite\cleaningsite\main\views.py changed, reloading.
2024-09-09 18:03:01,167 - django.utils.autoreload - INFO - C:\Users\Alexander\Desktop\bsuir\IGI\253505_Stanishewski_21\STRWEB\LR1\mysite\cleaningsite\main\views.py changed, reloading.
2024-09-09 18:03:09,482 - django.utils.autoreload - INFO - C:\Users\Alexander\Desktop\bsuir\IGI\253505_Stanishewski_21\STRWEB\LR1\mysite\cleaningsite\main\views.py changed, reloading.
2024-09-09 18:08:24,777 - django.request - ERROR - Internal Server Error: /2024/9/9/4/
Traceback (most recent call last):
  File "C:\Users\Alexander\Desktop\bsuir\IGI\253505_Stanishewski_21\STRWEB\LR1\mysite\.venv\lib\site-packages\django\core\handlers\exception.py", line 55, in inner
    response = get_response(request)
  File "C:\Users\Alexander\Desktop\bsuir\IGI\253505_Stanishewski_21\STRWEB\LR1\mysite\.venv\lib\site-packages\django\core\handlers\base.py", line 197, in _get_response
    response = wrapped_callback(request, *callback_args, **callback_kwargs)
TypeError: service_detail() got an unexpected keyword argument 'year'
2024-09-09 18:09:03,055 - django.request - WARNING - Not Found: /admin
2024-09-09 18:09:44,582 - django.request - ERROR - Internal Server Error: /2024/9/9/4/
Traceback (most recent call last):
  File "C:\Users\Alexander\Desktop\bsuir\IGI\253505_Stanishewski_21\STRWEB\LR1\mysite\.venv\lib\site-packages\django\core\handlers\exception.py", line 55, in inner
    response = get_response(request)
  File "C:\Users\Alexander\Desktop\bsuir\IGI\253505_Stanishewski_21\STRWEB\LR1\mysite\.venv\lib\site-packages\django\core\handlers\base.py", line 197, in _get_response
    response = wrapped_callback(request, *callback_args, **callback_kwargs)
TypeError: service_detail() got an unexpected keyword argument 'year'
2024-09-09 18:09:59,285 - main.views - INFO - In login
2024-09-09 18:10:06,239 - main.views - INFO - In login
2024-09-09 18:10:15,485 - main.views - INFO - In login
2024-09-09 18:10:23,158 - main.views - INFO - In cart
2024-09-09 18:15:03,773 - django.request - ERROR - Internal Server Error: /2024/9/9/4/
Traceback (most recent call last):
  File "C:\Users\Alexander\Desktop\bsuir\IGI\253505_Stanishewski_21\STRWEB\LR1\mysite\.venv\lib\site-packages\django\core\handlers\exception.py", line 55, in inner
    response = get_response(request)
  File "C:\Users\Alexander\Desktop\bsuir\IGI\253505_Stanishewski_21\STRWEB\LR1\mysite\.venv\lib\site-packages\django\core\handlers\base.py", line 197, in _get_response
    response = wrapped_callback(request, *callback_args, **callback_kwargs)
TypeError: service_detail() got an unexpected keyword argument 'year'
2024-09-09 18:16:48,653 - django.request - WARNING - Not Found: /admin
2024-09-09 18:18:31,944 - django.request - ERROR - Internal Server Error: /2024/9/9/4/
Traceback (most recent call last):
  File "C:\Users\Alexander\Desktop\bsuir\IGI\253505_Stanishewski_21\STRWEB\LR1\mysite\.venv\lib\site-packages\django\core\handlers\exception.py", line 55, in inner
    response = get_response(request)
  File "C:\Users\Alexander\Desktop\bsuir\IGI\253505_Stanishewski_21\STRWEB\LR1\mysite\.venv\lib\site-packages\django\core\handlers\base.py", line 197, in _get_response
    response = wrapped_callback(request, *callback_args, **callback_kwargs)
TypeError: service_detail() got an unexpected keyword argument 'year'
2024-09-09 18:19:54,092 - django.utils.autoreload - INFO - C:\Users\Alexander\Desktop\bsuir\IGI\253505_Stanishewski_21\STRWEB\LR1\mysite\cleaningsite\main\views.py changed, reloading.
2024-09-09 18:20:03,784 - django.utils.autoreload - INFO - C:\Users\Alexander\Desktop\bsuir\IGI\253505_Stanishewski_21\STRWEB\LR1\mysite\cleaningsite\main\views.py changed, reloading.
2024-09-09 18:20:11,401 - django.utils.autoreload - INFO - C:\Users\Alexander\Desktop\bsuir\IGI\253505_Stanishewski_21\STRWEB\LR1\mysite\cleaningsite\main\views.py changed, reloading.
2024-09-09 18:20:28,695 - django.utils.autoreload - INFO - C:\Users\Alexander\Desktop\bsuir\IGI\253505_Stanishewski_21\STRWEB\LR1\mysite\cleaningsite\main\views.py changed, reloading.
2024-09-09 18:20:32,246 - django.utils.autoreload - INFO - C:\Users\Alexander\Desktop\bsuir\IGI\253505_Stanishewski_21\STRWEB\LR1\mysite\cleaningsite\main\views.py changed, reloading.
2024-09-09 18:20:35,610 - django.utils.autoreload - INFO - C:\Users\Alexander\Desktop\bsuir\IGI\253505_Stanishewski_21\STRWEB\LR1\mysite\cleaningsite\main\views.py changed, reloading.
2024-09-09 18:20:38,829 - django.utils.autoreload - INFO - C:\Users\Alexander\Desktop\bsuir\IGI\253505_Stanishewski_21\STRWEB\LR1\mysite\cleaningsite\main\views.py changed, reloading.
2024-09-09 18:20:56,314 - django.request - ERROR - Internal Server Error: /2024/9/9/4/
Traceback (most recent call last):
  File "C:\Users\Alexander\Desktop\bsuir\IGI\253505_Stanishewski_21\STRWEB\LR1\mysite\.venv\lib\site-packages\django\template\backends\django.py", line 61, in render
    return self.template.render(context)
  File "C:\Users\Alexander\Desktop\bsuir\IGI\253505_Stanishewski_21\STRWEB\LR1\mysite\.venv\lib\site-packages\django\template\base.py", line 171, in render
    return self._render(context)
  File "C:\Users\Alexander\Desktop\bsuir\IGI\253505_Stanishewski_21\STRWEB\LR1\mysite\.venv\lib\site-packages\django\template\base.py", line 163, in _render
    return self.nodelist.render(context)
  File "C:\Users\Alexander\Desktop\bsuir\IGI\253505_Stanishewski_21\STRWEB\LR1\mysite\.venv\lib\site-packages\django\template\base.py", line 1000, in render
    return SafeString("".join([node.render_annotated(context) for node in self]))
  File "C:\Users\Alexander\Desktop\bsuir\IGI\253505_Stanishewski_21\STRWEB\LR1\mysite\.venv\lib\site-packages\django\template\base.py", line 1000, in <listcomp>
    return SafeString("".join([node.render_annotated(context) for node in self]))
  File "C:\Users\Alexander\Desktop\bsuir\IGI\253505_Stanishewski_21\STRWEB\LR1\mysite\.venv\lib\site-packages\django\template\base.py", line 961, in render_annotated
    return self.render(context)
  File "C:\Users\Alexander\Desktop\bsuir\IGI\253505_Stanishewski_21\STRWEB\LR1\mysite\.venv\lib\site-packages\django\template\loader_tags.py", line 134, in render
    compiled_parent = self.get_parent(context)
  File "C:\Users\Alexander\Desktop\bsuir\IGI\253505_Stanishewski_21\STRWEB\LR1\mysite\.venv\lib\site-packages\django\template\loader_tags.py", line 131, in get_parent
    return self.find_template(parent, context)
  File "C:\Users\Alexander\Desktop\bsuir\IGI\253505_Stanishewski_21\STRWEB\LR1\mysite\.venv\lib\site-packages\django\template\loader_tags.py", line 109, in find_template
    template, origin = context.template.engine.find_template(
  File "C:\Users\Alexander\Desktop\bsuir\IGI\253505_Stanishewski_21\STRWEB\LR1\mysite\.venv\lib\site-packages\django\template\engine.py", line 163, in find_template
    raise TemplateDoesNotExist(name, tried=tried)
django.template.exceptions.TemplateDoesNotExist: blog/base.html

The above exception was the direct cause of the following exception:

Traceback (most recent call last):
  File "C:\Users\Alexander\Desktop\bsuir\IGI\253505_Stanishewski_21\STRWEB\LR1\mysite\.venv\lib\site-packages\django\core\handlers\exception.py", line 55, in inner
    response = get_response(request)
  File "C:\Users\Alexander\Desktop\bsuir\IGI\253505_Stanishewski_21\STRWEB\LR1\mysite\.venv\lib\site-packages\django\core\handlers\base.py", line 197, in _get_response
    response = wrapped_callback(request, *callback_args, **callback_kwargs)
  File "C:\Users\Alexander\Desktop\bsuir\IGI\253505_Stanishewski_21\STRWEB\LR1\mysite\cleaningsite\main\views.py", line 48, in service_detail
    return render(request, 'main/service_detail.html', {'service': service})
  File "C:\Users\Alexander\Desktop\bsuir\IGI\253505_Stanishewski_21\STRWEB\LR1\mysite\.venv\lib\site-packages\django\shortcuts.py", line 25, in render
    content = loader.render_to_string(template_name, context, request, using=using)
  File "C:\Users\Alexander\Desktop\bsuir\IGI\253505_Stanishewski_21\STRWEB\LR1\mysite\.venv\lib\site-packages\django\template\loader.py", line 62, in render_to_string
    return template.render(context, request)
  File "C:\Users\Alexander\Desktop\bsuir\IGI\253505_Stanishewski_21\STRWEB\LR1\mysite\.venv\lib\site-packages\django\template\backends\django.py", line 63, in render
    reraise(exc, self.backend)
  File "C:\Users\Alexander\Desktop\bsuir\IGI\253505_Stanishewski_21\STRWEB\LR1\mysite\.venv\lib\site-packages\django\template\backends\django.py", line 84, in reraise
    raise new from exc
django.template.exceptions.TemplateDoesNotExist: blog/base.html
2024-09-09 18:24:48,036 - main.views - INFO - In create
2024-09-09 18:29:12,510 - main.views - INFO - In login
2024-09-09 18:29:26,405 - main.views - INFO - In login
2024-09-09 18:29:34,787 - main.views - INFO - In login
2024-09-09 18:29:38,763 - main.views - INFO - In cart
2024-09-09 18:29:54,140 - main.views - INFO - In orders
2024-09-09 18:30:01,222 - main.views - INFO - In employee profile
2024-09-09 18:30:04,725 - main.views - INFO - In employee profile
2024-09-09 18:30:08,359 - main.views - INFO - In employee profile
2024-09-09 18:30:12,261 - main.views - INFO - In employee profile
2024-09-09 18:30:25,262 - main.views - INFO - In employee profile
2024-09-09 18:30:48,587 - main.views - INFO - In orders
2024-09-09 18:30:50,517 - main.views - INFO - In orders
2024-09-09 18:31:00,029 - main.views - INFO - In about us
2024-09-09 19:16:41,992 - django.request - ERROR - Internal Server Error: /
Traceback (most recent call last):
  File "C:\Users\Alexander\Desktop\bsuir\IGI\253505_Stanishewski_21\STRWEB\LR1\mysite\.venv\lib\site-packages\django\template\base.py", line 502, in parse
    compile_func = self.tags[command]
KeyError: 'static'

During handling of the above exception, another exception occurred:

Traceback (most recent call last):
  File "C:\Users\Alexander\Desktop\bsuir\IGI\253505_Stanishewski_21\STRWEB\LR1\mysite\.venv\lib\site-packages\django\core\handlers\exception.py", line 55, in inner
    response = get_response(request)
  File "C:\Users\Alexander\Desktop\bsuir\IGI\253505_Stanishewski_21\STRWEB\LR1\mysite\.venv\lib\site-packages\django\core\handlers\base.py", line 197, in _get_response
    response = wrapped_callback(request, *callback_args, **callback_kwargs)
  File "C:\Users\Alexander\Desktop\bsuir\IGI\253505_Stanishewski_21\STRWEB\LR1\mysite\cleaningsite\main\views.py", line 39, in index
    return index_btn(request)
  File "C:\Users\Alexander\Desktop\bsuir\IGI\253505_Stanishewski_21\STRWEB\LR1\mysite\cleaningsite\main\views.py", line 106, in index_btn
    return render(request,"main/index.html",
  File "C:\Users\Alexander\Desktop\bsuir\IGI\253505_Stanishewski_21\STRWEB\LR1\mysite\.venv\lib\site-packages\django\shortcuts.py", line 25, in render
    content = loader.render_to_string(template_name, context, request, using=using)
  File "C:\Users\Alexander\Desktop\bsuir\IGI\253505_Stanishewski_21\STRWEB\LR1\mysite\.venv\lib\site-packages\django\template\loader.py", line 62, in render_to_string
    return template.render(context, request)
  File "C:\Users\Alexander\Desktop\bsuir\IGI\253505_Stanishewski_21\STRWEB\LR1\mysite\.venv\lib\site-packages\django\template\backends\django.py", line 61, in render
    return self.template.render(context)
  File "C:\Users\Alexander\Desktop\bsuir\IGI\253505_Stanishewski_21\STRWEB\LR1\mysite\.venv\lib\site-packages\django\template\base.py", line 171, in render
    return self._render(context)
  File "C:\Users\Alexander\Desktop\bsuir\IGI\253505_Stanishewski_21\STRWEB\LR1\mysite\.venv\lib\site-packages\django\template\base.py", line 163, in _render
    return self.nodelist.render(context)
  File "C:\Users\Alexander\Desktop\bsuir\IGI\253505_Stanishewski_21\STRWEB\LR1\mysite\.venv\lib\site-packages\django\template\base.py", line 1000, in render
    return SafeString("".join([node.render_annotated(context) for node in self]))
  File "C:\Users\Alexander\Desktop\bsuir\IGI\253505_Stanishewski_21\STRWEB\LR1\mysite\.venv\lib\site-packages\django\template\base.py", line 1000, in <listcomp>
    return SafeString("".join([node.render_annotated(context) for node in self]))
  File "C:\Users\Alexander\Desktop\bsuir\IGI\253505_Stanishewski_21\STRWEB\LR1\mysite\.venv\lib\site-packages\django\template\base.py", line 961, in render_annotated
    return self.render(context)
  File "C:\Users\Alexander\Desktop\bsuir\IGI\253505_Stanishewski_21\STRWEB\LR1\mysite\.venv\lib\site-packages\django\template\loader_tags.py", line 134, in render
    compiled_parent = self.get_parent(context)
  File "C:\Users\Alexander\Desktop\bsuir\IGI\253505_Stanishewski_21\STRWEB\LR1\mysite\.venv\lib\site-packages\django\template\loader_tags.py", line 131, in get_parent
    return self.find_template(parent, context)
  File "C:\Users\Alexander\Desktop\bsuir\IGI\253505_Stanishewski_21\STRWEB\LR1\mysite\.venv\lib\site-packages\django\template\loader_tags.py", line 109, in find_template
    template, origin = context.template.engine.find_template(
  File "C:\Users\Alexander\Desktop\bsuir\IGI\253505_Stanishewski_21\STRWEB\LR1\mysite\.venv\lib\site-packages\django\template\engine.py", line 159, in find_template
    template = loader.get_template(name, skip=skip)
  File "C:\Users\Alexander\Desktop\bsuir\IGI\253505_Stanishewski_21\STRWEB\LR1\mysite\.venv\lib\site-packages\django\template\loaders\cached.py", line 57, in get_template
    template = super().get_template(template_name, skip)
  File "C:\Users\Alexander\Desktop\bsuir\IGI\253505_Stanishewski_21\STRWEB\LR1\mysite\.venv\lib\site-packages\django\template\loaders\base.py", line 28, in get_template
    return Template(
  File "C:\Users\Alexander\Desktop\bsuir\IGI\253505_Stanishewski_21\STRWEB\LR1\mysite\.venv\lib\site-packages\django\template\base.py", line 154, in __init__
    self.nodelist = self.compile_nodelist()
  File "C:\Users\Alexander\Desktop\bsuir\IGI\253505_Stanishewski_21\STRWEB\LR1\mysite\.venv\lib\site-packages\django\template\base.py", line 196, in compile_nodelist
    return parser.parse()
  File "C:\Users\Alexander\Desktop\bsuir\IGI\253505_Stanishewski_21\STRWEB\LR1\mysite\.venv\lib\site-packages\django\template\base.py", line 504, in parse
    self.invalid_block_tag(token, command, parse_until)
  File "C:\Users\Alexander\Desktop\bsuir\IGI\253505_Stanishewski_21\STRWEB\LR1\mysite\.venv\lib\site-packages\django\template\base.py", line 565, in invalid_block_tag
    raise self.error(
django.template.exceptions.TemplateSyntaxError: Invalid block tag on line 9: 'static'. Did you forget to register or load this tag?
2024-09-09 19:18:44,775 - django.utils.autoreload - INFO - C:\Users\Alexander\Desktop\bsuir\IGI\253505_Stanishewski_21\STRWEB\LR1\mysite\cleaningsite\cleaningsite\settings.py changed, reloading.
2024-09-09 19:18:51,249 - django.utils.autoreload - INFO - C:\Users\Alexander\Desktop\bsuir\IGI\253505_Stanishewski_21\STRWEB\LR1\mysite\cleaningsite\cleaningsite\settings.py changed, reloading.
2024-09-09 19:21:09,543 - django.request - ERROR - Internal Server Error: /
Traceback (most recent call last):
  File "C:\Users\Alexander\Desktop\bsuir\IGI\253505_Stanishewski_21\STRWEB\LR1\mysite\.venv\lib\site-packages\django\template\base.py", line 502, in parse
    compile_func = self.tags[command]
KeyError: 'static'

During handling of the above exception, another exception occurred:

Traceback (most recent call last):
  File "C:\Users\Alexander\Desktop\bsuir\IGI\253505_Stanishewski_21\STRWEB\LR1\mysite\.venv\lib\site-packages\django\core\handlers\exception.py", line 55, in inner
    response = get_response(request)
  File "C:\Users\Alexander\Desktop\bsuir\IGI\253505_Stanishewski_21\STRWEB\LR1\mysite\.venv\lib\site-packages\django\core\handlers\base.py", line 197, in _get_response
    response = wrapped_callback(request, *callback_args, **callback_kwargs)
  File "C:\Users\Alexander\Desktop\bsuir\IGI\253505_Stanishewski_21\STRWEB\LR1\mysite\cleaningsite\main\views.py", line 39, in index
    return index_btn(request)
  File "C:\Users\Alexander\Desktop\bsuir\IGI\253505_Stanishewski_21\STRWEB\LR1\mysite\cleaningsite\main\views.py", line 106, in index_btn
    return render(request,"main/index.html",
  File "C:\Users\Alexander\Desktop\bsuir\IGI\253505_Stanishewski_21\STRWEB\LR1\mysite\.venv\lib\site-packages\django\shortcuts.py", line 25, in render
    content = loader.render_to_string(template_name, context, request, using=using)
  File "C:\Users\Alexander\Desktop\bsuir\IGI\253505_Stanishewski_21\STRWEB\LR1\mysite\.venv\lib\site-packages\django\template\loader.py", line 62, in render_to_string
    return template.render(context, request)
  File "C:\Users\Alexander\Desktop\bsuir\IGI\253505_Stanishewski_21\STRWEB\LR1\mysite\.venv\lib\site-packages\django\template\backends\django.py", line 61, in render
    return self.template.render(context)
  File "C:\Users\Alexander\Desktop\bsuir\IGI\253505_Stanishewski_21\STRWEB\LR1\mysite\.venv\lib\site-packages\django\template\base.py", line 171, in render
    return self._render(context)
  File "C:\Users\Alexander\Desktop\bsuir\IGI\253505_Stanishewski_21\STRWEB\LR1\mysite\.venv\lib\site-packages\django\template\base.py", line 163, in _render
    return self.nodelist.render(context)
  File "C:\Users\Alexander\Desktop\bsuir\IGI\253505_Stanishewski_21\STRWEB\LR1\mysite\.venv\lib\site-packages\django\template\base.py", line 1000, in render
    return SafeString("".join([node.render_annotated(context) for node in self]))
  File "C:\Users\Alexander\Desktop\bsuir\IGI\253505_Stanishewski_21\STRWEB\LR1\mysite\.venv\lib\site-packages\django\template\base.py", line 1000, in <listcomp>
    return SafeString("".join([node.render_annotated(context) for node in self]))
  File "C:\Users\Alexander\Desktop\bsuir\IGI\253505_Stanishewski_21\STRWEB\LR1\mysite\.venv\lib\site-packages\django\template\base.py", line 961, in render_annotated
    return self.render(context)
  File "C:\Users\Alexander\Desktop\bsuir\IGI\253505_Stanishewski_21\STRWEB\LR1\mysite\.venv\lib\site-packages\django\template\loader_tags.py", line 134, in render
    compiled_parent = self.get_parent(context)
  File "C:\Users\Alexander\Desktop\bsuir\IGI\253505_Stanishewski_21\STRWEB\LR1\mysite\.venv\lib\site-packages\django\template\loader_tags.py", line 131, in get_parent
    return self.find_template(parent, context)
  File "C:\Users\Alexander\Desktop\bsuir\IGI\253505_Stanishewski_21\STRWEB\LR1\mysite\.venv\lib\site-packages\django\template\loader_tags.py", line 109, in find_template
    template, origin = context.template.engine.find_template(
  File "C:\Users\Alexander\Desktop\bsuir\IGI\253505_Stanishewski_21\STRWEB\LR1\mysite\.venv\lib\site-packages\django\template\engine.py", line 159, in find_template
    template = loader.get_template(name, skip=skip)
  File "C:\Users\Alexander\Desktop\bsuir\IGI\253505_Stanishewski_21\STRWEB\LR1\mysite\.venv\lib\site-packages\django\template\loaders\cached.py", line 57, in get_template
    template = super().get_template(template_name, skip)
  File "C:\Users\Alexander\Desktop\bsuir\IGI\253505_Stanishewski_21\STRWEB\LR1\mysite\.venv\lib\site-packages\django\template\loaders\base.py", line 28, in get_template
    return Template(
  File "C:\Users\Alexander\Desktop\bsuir\IGI\253505_Stanishewski_21\STRWEB\LR1\mysite\.venv\lib\site-packages\django\template\base.py", line 154, in __init__
    self.nodelist = self.compile_nodelist()
  File "C:\Users\Alexander\Desktop\bsuir\IGI\253505_Stanishewski_21\STRWEB\LR1\mysite\.venv\lib\site-packages\django\template\base.py", line 196, in compile_nodelist
    return parser.parse()
  File "C:\Users\Alexander\Desktop\bsuir\IGI\253505_Stanishewski_21\STRWEB\LR1\mysite\.venv\lib\site-packages\django\template\base.py", line 504, in parse
    self.invalid_block_tag(token, command, parse_until)
  File "C:\Users\Alexander\Desktop\bsuir\IGI\253505_Stanishewski_21\STRWEB\LR1\mysite\.venv\lib\site-packages\django\template\base.py", line 565, in invalid_block_tag
    raise self.error(
django.template.exceptions.TemplateSyntaxError: Invalid block tag on line 9: 'static'. Did you forget to register or load this tag?
2024-09-09 19:30:11,956 - django.request - WARNING - Not Found: /company_logos/company_logo.png
2024-09-09 19:30:14,369 - django.request - WARNING - Not Found: /2024/9/9/4/company_logos/company_logo.png
2024-09-09 19:30:17,010 - django.request - WARNING - Not Found: /2024/9/9/5/company_logos/company_logo.png
2024-09-09 19:30:19,670 - django.request - WARNING - Not Found: /2024/9/9/6/company_logos/company_logo.png
2024-09-11 12:35:06,018 - django.request - WARNING - Not Found: /media/company_logos/company_logo.
2024-09-11 12:35:09,908 - django.request - WARNING - Not Found: /media/company_logos/company_logo.
2024-09-11 12:36:04,493 - main.views - INFO - In about us
2024-09-11 12:36:35,132 - django.utils.autoreload - INFO - C:\Users\Alexander\Desktop\bsuir\IGI\253505_Stanishewski_21\STRWEB\LR1\mysite\cleaningsite\main\urls.py changed, reloading.
2024-09-11 12:36:39,572 - django.utils.autoreload - INFO - C:\Users\Alexander\Desktop\bsuir\IGI\253505_Stanishewski_21\STRWEB\LR1\mysite\cleaningsite\main\urls.py changed, reloading.
2024-09-11 12:36:43,410 - main.views - INFO - In about us
2024-09-11 12:36:44,637 - main.views - INFO - In about us
2024-09-11 12:37:50,339 - django.utils.autoreload - INFO - C:\Users\Alexander\Desktop\bsuir\IGI\253505_Stanishewski_21\STRWEB\LR1\mysite\cleaningsite\main\views.py changed, reloading.
2024-09-11 12:37:54,698 - django.utils.autoreload - INFO - C:\Users\Alexander\Desktop\bsuir\IGI\253505_Stanishewski_21\STRWEB\LR1\mysite\cleaningsite\main\views.py changed, reloading.
2024-09-11 12:40:22,319 - django.utils.autoreload - INFO - C:\Users\Alexander\Desktop\bsuir\IGI\253505_Stanishewski_21\STRWEB\LR1\mysite\cleaningsite\main\admin.py changed, reloading.
2024-09-11 12:40:29,991 - django.utils.autoreload - INFO - C:\Users\Alexander\Desktop\bsuir\IGI\253505_Stanishewski_21\STRWEB\LR1\mysite\cleaningsite\main\admin.py changed, reloading.
2024-09-11 12:44:46,984 - django.request - WARNING - Not Found: /favicon.ico
2024-09-11 12:45:44,614 - django.utils.autoreload - INFO - C:\Users\Alexander\Desktop\bsuir\IGI\253505_Stanishewski_21\STRWEB\LR1\mysite\cleaningsite\main\admin.py changed, reloading.
2024-09-11 13:02:48,883 - django.utils.autoreload - INFO - C:\Users\Alexander\Desktop\bsuir\IGI\253505_Stanishewski_21\STRWEB\LR1\mysite\cleaningsite\main\forms.py changed, reloading.
2024-09-11 13:04:08,350 - django.utils.autoreload - INFO - C:\Users\Alexander\Desktop\bsuir\IGI\253505_Stanishewski_21\STRWEB\LR1\mysite\cleaningsite\main\views.py changed, reloading.
2024-09-11 13:11:21,502 - main.views - INFO - In about us
2024-09-11 13:11:21,825 - django.request - ERROR - Internal Server Error: /about
Traceback (most recent call last):
  File "C:\Users\Alexander\Desktop\bsuir\IGI\253505_Stanishewski_21\STRWEB\LR1\mysite\.venv\lib\site-packages\django\core\handlers\exception.py", line 55, in inner
    response = get_response(request)
  File "C:\Users\Alexander\Desktop\bsuir\IGI\253505_Stanishewski_21\STRWEB\LR1\mysite\.venv\lib\site-packages\django\core\handlers\base.py", line 197, in _get_response
    response = wrapped_callback(request, *callback_args, **callback_kwargs)
  File "C:\Users\Alexander\Desktop\bsuir\IGI\253505_Stanishewski_21\STRWEB\LR1\mysite\cleaningsite\main\views.py", line 128, in about
    return render(request,"main/about.html",{'informations':inforamation})
  File "C:\Users\Alexander\Desktop\bsuir\IGI\253505_Stanishewski_21\STRWEB\LR1\mysite\.venv\lib\site-packages\django\shortcuts.py", line 25, in render
    content = loader.render_to_string(template_name, context, request, using=using)
  File "C:\Users\Alexander\Desktop\bsuir\IGI\253505_Stanishewski_21\STRWEB\LR1\mysite\.venv\lib\site-packages\django\template\loader.py", line 62, in render_to_string
    return template.render(context, request)
  File "C:\Users\Alexander\Desktop\bsuir\IGI\253505_Stanishewski_21\STRWEB\LR1\mysite\.venv\lib\site-packages\django\template\backends\django.py", line 61, in render
    return self.template.render(context)
  File "C:\Users\Alexander\Desktop\bsuir\IGI\253505_Stanishewski_21\STRWEB\LR1\mysite\.venv\lib\site-packages\django\template\base.py", line 171, in render
    return self._render(context)
  File "C:\Users\Alexander\Desktop\bsuir\IGI\253505_Stanishewski_21\STRWEB\LR1\mysite\.venv\lib\site-packages\django\template\base.py", line 163, in _render
    return self.nodelist.render(context)
  File "C:\Users\Alexander\Desktop\bsuir\IGI\253505_Stanishewski_21\STRWEB\LR1\mysite\.venv\lib\site-packages\django\template\base.py", line 1000, in render
    return SafeString("".join([node.render_annotated(context) for node in self]))
  File "C:\Users\Alexander\Desktop\bsuir\IGI\253505_Stanishewski_21\STRWEB\LR1\mysite\.venv\lib\site-packages\django\template\base.py", line 1000, in <listcomp>
    return SafeString("".join([node.render_annotated(context) for node in self]))
  File "C:\Users\Alexander\Desktop\bsuir\IGI\253505_Stanishewski_21\STRWEB\LR1\mysite\.venv\lib\site-packages\django\template\base.py", line 961, in render_annotated
    return self.render(context)
  File "C:\Users\Alexander\Desktop\bsuir\IGI\253505_Stanishewski_21\STRWEB\LR1\mysite\.venv\lib\site-packages\django\template\loader_tags.py", line 159, in render
    return compiled_parent._render(context)
  File "C:\Users\Alexander\Desktop\bsuir\IGI\253505_Stanishewski_21\STRWEB\LR1\mysite\.venv\lib\site-packages\django\template\base.py", line 163, in _render
    return self.nodelist.render(context)
  File "C:\Users\Alexander\Desktop\bsuir\IGI\253505_Stanishewski_21\STRWEB\LR1\mysite\.venv\lib\site-packages\django\template\base.py", line 1000, in render
    return SafeString("".join([node.render_annotated(context) for node in self]))
  File "C:\Users\Alexander\Desktop\bsuir\IGI\253505_Stanishewski_21\STRWEB\LR1\mysite\.venv\lib\site-packages\django\template\base.py", line 1000, in <listcomp>
    return SafeString("".join([node.render_annotated(context) for node in self]))
  File "C:\Users\Alexander\Desktop\bsuir\IGI\253505_Stanishewski_21\STRWEB\LR1\mysite\.venv\lib\site-packages\django\template\base.py", line 961, in render_annotated
    return self.render(context)
  File "C:\Users\Alexander\Desktop\bsuir\IGI\253505_Stanishewski_21\STRWEB\LR1\mysite\.venv\lib\site-packages\django\template\loader_tags.py", line 65, in render
    result = block.nodelist.render(context)
  File "C:\Users\Alexander\Desktop\bsuir\IGI\253505_Stanishewski_21\STRWEB\LR1\mysite\.venv\lib\site-packages\django\template\base.py", line 1000, in render
    return SafeString("".join([node.render_annotated(context) for node in self]))
  File "C:\Users\Alexander\Desktop\bsuir\IGI\253505_Stanishewski_21\STRWEB\LR1\mysite\.venv\lib\site-packages\django\template\base.py", line 1000, in <listcomp>
    return SafeString("".join([node.render_annotated(context) for node in self]))
  File "C:\Users\Alexander\Desktop\bsuir\IGI\253505_Stanishewski_21\STRWEB\LR1\mysite\.venv\lib\site-packages\django\template\base.py", line 961, in render_annotated
    return self.render(context)
  File "C:\Users\Alexander\Desktop\bsuir\IGI\253505_Stanishewski_21\STRWEB\LR1\mysite\.venv\lib\site-packages\django\template\defaulttags.py", line 197, in render
    values = list(values)
TypeError: 'Company' object is not iterable
2024-09-11 13:12:22,531 - django.utils.autoreload - INFO - C:\Users\Alexander\Desktop\bsuir\IGI\253505_Stanishewski_21\STRWEB\LR1\mysite\cleaningsite\main\views.py changed, reloading.
2024-09-11 13:12:47,427 - main.views - INFO - In about us
2024-09-11 13:12:47,758 - django.request - ERROR - Internal Server Error: /about
Traceback (most recent call last):
  File "C:\Users\Alexander\Desktop\bsuir\IGI\253505_Stanishewski_21\STRWEB\LR1\mysite\.venv\lib\site-packages\django\template\base.py", line 502, in parse
    compile_func = self.tags[command]
KeyError: 'endfor'

During handling of the above exception, another exception occurred:

Traceback (most recent call last):
  File "C:\Users\Alexander\Desktop\bsuir\IGI\253505_Stanishewski_21\STRWEB\LR1\mysite\.venv\lib\site-packages\django\core\handlers\exception.py", line 55, in inner
    response = get_response(request)
  File "C:\Users\Alexander\Desktop\bsuir\IGI\253505_Stanishewski_21\STRWEB\LR1\mysite\.venv\lib\site-packages\django\core\handlers\base.py", line 197, in _get_response
    response = wrapped_callback(request, *callback_args, **callback_kwargs)
  File "C:\Users\Alexander\Desktop\bsuir\IGI\253505_Stanishewski_21\STRWEB\LR1\mysite\cleaningsite\main\views.py", line 128, in about
    return render(request,"main/about.html",{'inforamation':inforamation})
  File "C:\Users\Alexander\Desktop\bsuir\IGI\253505_Stanishewski_21\STRWEB\LR1\mysite\.venv\lib\site-packages\django\shortcuts.py", line 25, in render
    content = loader.render_to_string(template_name, context, request, using=using)
  File "C:\Users\Alexander\Desktop\bsuir\IGI\253505_Stanishewski_21\STRWEB\LR1\mysite\.venv\lib\site-packages\django\template\loader.py", line 61, in render_to_string
    template = get_template(template_name, using=using)
  File "C:\Users\Alexander\Desktop\bsuir\IGI\253505_Stanishewski_21\STRWEB\LR1\mysite\.venv\lib\site-packages\django\template\loader.py", line 15, in get_template
    return engine.get_template(template_name)
  File "C:\Users\Alexander\Desktop\bsuir\IGI\253505_Stanishewski_21\STRWEB\LR1\mysite\.venv\lib\site-packages\django\template\backends\django.py", line 33, in get_template
    return Template(self.engine.get_template(template_name), self)
  File "C:\Users\Alexander\Desktop\bsuir\IGI\253505_Stanishewski_21\STRWEB\LR1\mysite\.venv\lib\site-packages\django\template\engine.py", line 177, in get_template
    template, origin = self.find_template(template_name)
  File "C:\Users\Alexander\Desktop\bsuir\IGI\253505_Stanishewski_21\STRWEB\LR1\mysite\.venv\lib\site-packages\django\template\engine.py", line 159, in find_template
    template = loader.get_template(name, skip=skip)
  File "C:\Users\Alexander\Desktop\bsuir\IGI\253505_Stanishewski_21\STRWEB\LR1\mysite\.venv\lib\site-packages\django\template\loaders\cached.py", line 57, in get_template
    template = super().get_template(template_name, skip)
  File "C:\Users\Alexander\Desktop\bsuir\IGI\253505_Stanishewski_21\STRWEB\LR1\mysite\.venv\lib\site-packages\django\template\loaders\base.py", line 28, in get_template
    return Template(
  File "C:\Users\Alexander\Desktop\bsuir\IGI\253505_Stanishewski_21\STRWEB\LR1\mysite\.venv\lib\site-packages\django\template\base.py", line 154, in __init__
    self.nodelist = self.compile_nodelist()
  File "C:\Users\Alexander\Desktop\bsuir\IGI\253505_Stanishewski_21\STRWEB\LR1\mysite\.venv\lib\site-packages\django\template\base.py", line 196, in compile_nodelist
    return parser.parse()
  File "C:\Users\Alexander\Desktop\bsuir\IGI\253505_Stanishewski_21\STRWEB\LR1\mysite\.venv\lib\site-packages\django\template\base.py", line 510, in parse
    raise self.error(token, e)
  File "C:\Users\Alexander\Desktop\bsuir\IGI\253505_Stanishewski_21\STRWEB\LR1\mysite\.venv\lib\site-packages\django\template\base.py", line 508, in parse
    compiled_result = compile_func(self, token)
  File "C:\Users\Alexander\Desktop\bsuir\IGI\253505_Stanishewski_21\STRWEB\LR1\mysite\.venv\lib\site-packages\django\template\loader_tags.py", line 295, in do_extends
    nodelist = parser.parse()
  File "C:\Users\Alexander\Desktop\bsuir\IGI\253505_Stanishewski_21\STRWEB\LR1\mysite\.venv\lib\site-packages\django\template\base.py", line 510, in parse
    raise self.error(token, e)
  File "C:\Users\Alexander\Desktop\bsuir\IGI\253505_Stanishewski_21\STRWEB\LR1\mysite\.venv\lib\site-packages\django\template\base.py", line 508, in parse
    compiled_result = compile_func(self, token)
  File "C:\Users\Alexander\Desktop\bsuir\IGI\253505_Stanishewski_21\STRWEB\LR1\mysite\.venv\lib\site-packages\django\template\loader_tags.py", line 234, in do_block
    nodelist = parser.parse(("endblock",))
  File "C:\Users\Alexander\Desktop\bsuir\IGI\253505_Stanishewski_21\STRWEB\LR1\mysite\.venv\lib\site-packages\django\template\base.py", line 504, in parse
    self.invalid_block_tag(token, command, parse_until)
  File "C:\Users\Alexander\Desktop\bsuir\IGI\253505_Stanishewski_21\STRWEB\LR1\mysite\.venv\lib\site-packages\django\template\base.py", line 555, in invalid_block_tag
    raise self.error(
django.template.exceptions.TemplateSyntaxError: Invalid block tag on line 16: 'endfor', expected 'endblock'. Did you forget to register or load this tag?
2024-09-11 13:12:54,872 - main.views - INFO - In about us
2024-09-11 13:12:56,869 - main.views - INFO - In about us
2024-09-11 13:12:58,282 - main.views - INFO - In about us
2024-09-11 13:13:00,171 - main.views - INFO - In about us
2024-09-11 13:13:49,755 - django.utils.autoreload - INFO - C:\Users\Alexander\Desktop\bsuir\IGI\253505_Stanishewski_21\STRWEB\LR1\mysite\cleaningsite\main\views.py changed, reloading.
2024-09-11 13:13:54,569 - main.views - INFO - In about us
2024-09-11 13:13:55,720 - main.views - INFO - In about us
2024-09-11 13:13:55,921 - main.views - INFO - In about us
2024-09-11 13:15:52,646 - django.utils.autoreload - INFO - C:\Users\Alexander\Desktop\bsuir\IGI\253505_Stanishewski_21\STRWEB\LR1\mysite\cleaningsite\main\views.py changed, reloading.
2024-09-11 13:15:57,120 - django.utils.autoreload - INFO - C:\Users\Alexander\Desktop\bsuir\IGI\253505_Stanishewski_21\STRWEB\LR1\mysite\cleaningsite\main\views.py changed, reloading.
2024-09-11 13:16:50,312 - django.utils.autoreload - INFO - C:\Users\Alexander\Desktop\bsuir\IGI\253505_Stanishewski_21\STRWEB\LR1\mysite\cleaningsite\main\views.py changed, reloading.
2024-09-11 13:16:55,651 - main.views - INFO - In about us
2024-09-11 13:17:12,143 - django.utils.autoreload - INFO - C:\Users\Alexander\Desktop\bsuir\IGI\253505_Stanishewski_21\STRWEB\LR1\mysite\cleaningsite\main\views.py changed, reloading.
2024-09-11 13:17:12,219 - django.utils.autoreload - INFO - C:\Users\Alexander\Desktop\bsuir\IGI\253505_Stanishewski_21\STRWEB\LR1\mysite\cleaningsite\main\views.py changed, reloading.
2024-09-11 13:17:19,070 - django.utils.autoreload - INFO - C:\Users\Alexander\Desktop\bsuir\IGI\253505_Stanishewski_21\STRWEB\LR1\mysite\cleaningsite\main\views.py changed, reloading.
2024-09-11 13:17:19,119 - django.utils.autoreload - INFO - C:\Users\Alexander\Desktop\bsuir\IGI\253505_Stanishewski_21\STRWEB\LR1\mysite\cleaningsite\main\views.py changed, reloading.
2024-09-11 13:17:22,749 - main.views - INFO - In about us
2024-09-11 13:18:49,250 - main.views - INFO - In about us
2024-09-11 13:21:04,293 - django.utils.autoreload - INFO - C:\Users\Alexander\Desktop\bsuir\IGI\253505_Stanishewski_21\STRWEB\LR1\mysite\cleaningsite\main\models.py changed, reloading.
2024-09-11 13:21:04,454 - django.utils.autoreload - INFO - C:\Users\Alexander\Desktop\bsuir\IGI\253505_Stanishewski_21\STRWEB\LR1\mysite\cleaningsite\main\models.py changed, reloading.
2024-09-11 13:21:11,215 - django.utils.autoreload - INFO - C:\Users\Alexander\Desktop\bsuir\IGI\253505_Stanishewski_21\STRWEB\LR1\mysite\cleaningsite\main\models.py changed, reloading.
2024-09-11 13:21:16,604 - django.utils.autoreload - INFO - C:\Users\Alexander\Desktop\bsuir\IGI\253505_Stanishewski_21\STRWEB\LR1\mysite\cleaningsite\main\models.py changed, reloading.
2024-09-11 13:21:29,083 - django.utils.autoreload - INFO - C:\Users\Alexander\Desktop\bsuir\IGI\253505_Stanishewski_21\STRWEB\LR1\mysite\cleaningsite\main\models.py changed, reloading.
2024-09-11 13:21:49,247 - django.utils.autoreload - INFO - C:\Users\Alexander\Desktop\bsuir\IGI\253505_Stanishewski_21\STRWEB\LR1\mysite\cleaningsite\main\models.py changed, reloading.
2024-09-11 13:22:16,893 - django.utils.autoreload - INFO - C:\Users\Alexander\Desktop\bsuir\IGI\253505_Stanishewski_21\STRWEB\LR1\mysite\cleaningsite\main\models.py changed, reloading.
2024-09-11 13:22:20,412 - django.utils.autoreload - INFO - C:\Users\Alexander\Desktop\bsuir\IGI\253505_Stanishewski_21\STRWEB\LR1\mysite\cleaningsite\main\models.py changed, reloading.
2024-09-11 13:22:32,258 - django.utils.autoreload - INFO - C:\Users\Alexander\Desktop\bsuir\IGI\253505_Stanishewski_21\STRWEB\LR1\mysite\cleaningsite\main\models.py changed, reloading.
2024-09-11 13:23:53,302 - django.utils.autoreload - INFO - C:\Users\Alexander\Desktop\bsuir\IGI\253505_Stanishewski_21\STRWEB\LR1\mysite\cleaningsite\main\models.py changed, reloading.
2024-09-11 13:35:13,904 - django.utils.autoreload - INFO - C:\Users\Alexander\Desktop\bsuir\IGI\253505_Stanishewski_21\STRWEB\LR1\mysite\cleaningsite\main\views.py changed, reloading.
2024-09-11 13:35:14,267 - django.utils.autoreload - INFO - C:\Users\Alexander\Desktop\bsuir\IGI\253505_Stanishewski_21\STRWEB\LR1\mysite\cleaningsite\main\views.py changed, reloading.
2024-09-11 13:35:26,153 - django.utils.autoreload - INFO - C:\Users\Alexander\Desktop\bsuir\IGI\253505_Stanishewski_21\STRWEB\LR1\mysite\cleaningsite\main\views.py changed, reloading.
2024-09-11 13:36:02,757 - django.utils.autoreload - INFO - C:\Users\Alexander\Desktop\bsuir\IGI\253505_Stanishewski_21\STRWEB\LR1\mysite\cleaningsite\cleaningsite\settings.py changed, reloading.
2024-09-11 13:36:06,036 - django.utils.autoreload - INFO - C:\Users\Alexander\Desktop\bsuir\IGI\253505_Stanishewski_21\STRWEB\LR1\mysite\cleaningsite\cleaningsite\settings.py changed, reloading.
2024-09-11 13:38:42,680 - django.request - ERROR - Internal Server Error: /
Traceback (most recent call last):
  File "C:\Users\Alexander\Desktop\bsuir\IGI\253505_Stanishewski_21\STRWEB\LR1\mysite\.venv\lib\site-packages\django\core\handlers\exception.py", line 55, in inner
    response = get_response(request)
  File "C:\Users\Alexander\Desktop\bsuir\IGI\253505_Stanishewski_21\STRWEB\LR1\mysite\.venv\lib\site-packages\django\core\handlers\base.py", line 197, in _get_response
    response = wrapped_callback(request, *callback_args, **callback_kwargs)
  File "C:\Users\Alexander\Desktop\bsuir\IGI\253505_Stanishewski_21\STRWEB\LR1\mysite\cleaningsite\main\views.py", line 47, in index
    return index_btn(request)
  File "C:\Users\Alexander\Desktop\bsuir\IGI\253505_Stanishewski_21\STRWEB\LR1\mysite\cleaningsite\main\views.py", line 114, in index_btn
    return render(request,"main/index.html",
  File "C:\Users\Alexander\Desktop\bsuir\IGI\253505_Stanishewski_21\STRWEB\LR1\mysite\.venv\lib\site-packages\django\shortcuts.py", line 25, in render
    content = loader.render_to_string(template_name, context, request, using=using)
  File "C:\Users\Alexander\Desktop\bsuir\IGI\253505_Stanishewski_21\STRWEB\LR1\mysite\.venv\lib\site-packages\django\template\loader.py", line 62, in render_to_string
    return template.render(context, request)
  File "C:\Users\Alexander\Desktop\bsuir\IGI\253505_Stanishewski_21\STRWEB\LR1\mysite\.venv\lib\site-packages\django\template\backends\django.py", line 61, in render
    return self.template.render(context)
  File "C:\Users\Alexander\Desktop\bsuir\IGI\253505_Stanishewski_21\STRWEB\LR1\mysite\.venv\lib\site-packages\django\template\base.py", line 169, in render
    with context.bind_template(self):
  File "C:\Program Files\WindowsApps\PythonSoftwareFoundation.Python.3.10_3.10.3056.0_x64__qbz5n2kfra8p0\lib\contextlib.py", line 135, in __enter__
    return next(self.gen)
  File "C:\Users\Alexander\Desktop\bsuir\IGI\253505_Stanishewski_21\STRWEB\LR1\mysite\.venv\lib\site-packages\django\template\context.py", line 251, in bind_template
    processors = template.engine.template_context_processors + self._processors
  File "C:\Users\Alexander\Desktop\bsuir\IGI\253505_Stanishewski_21\STRWEB\LR1\mysite\.venv\lib\site-packages\django\utils\functional.py", line 47, in __get__
    res = instance.__dict__[self.name] = self.func(instance)
  File "C:\Users\Alexander\Desktop\bsuir\IGI\253505_Stanishewski_21\STRWEB\LR1\mysite\.venv\lib\site-packages\django\template\engine.py", line 118, in template_context_processors
    return tuple(import_string(path) for path in context_processors)
  File "C:\Users\Alexander\Desktop\bsuir\IGI\253505_Stanishewski_21\STRWEB\LR1\mysite\.venv\lib\site-packages\django\template\engine.py", line 118, in <genexpr>
    return tuple(import_string(path) for path in context_processors)
  File "C:\Users\Alexander\Desktop\bsuir\IGI\253505_Stanishewski_21\STRWEB\LR1\mysite\.venv\lib\site-packages\django\utils\module_loading.py", line 30, in import_string
    return cached_import(module_path, class_name)
  File "C:\Users\Alexander\Desktop\bsuir\IGI\253505_Stanishewski_21\STRWEB\LR1\mysite\.venv\lib\site-packages\django\utils\module_loading.py", line 15, in cached_import
    module = import_module(module_path)
  File "C:\Program Files\WindowsApps\PythonSoftwareFoundation.Python.3.10_3.10.3056.0_x64__qbz5n2kfra8p0\lib\importlib\__init__.py", line 126, in import_module
    return _bootstrap._gcd_import(name[level:], package, level)
  File "<frozen importlib._bootstrap>", line 1050, in _gcd_import
  File "<frozen importlib._bootstrap>", line 1027, in _find_and_load
  File "<frozen importlib._bootstrap>", line 1004, in _find_and_load_unlocked
ModuleNotFoundError: No module named 'main.context_processors'
2024-09-11 13:40:01,758 - django.utils.autoreload - INFO - C:\Users\Alexander\Desktop\bsuir\IGI\253505_Stanishewski_21\STRWEB\LR1\mysite\cleaningsite\main\views.py changed, reloading.
2024-09-11 13:40:02,365 - django.utils.autoreload - INFO - C:\Users\Alexander\Desktop\bsuir\IGI\253505_Stanishewski_21\STRWEB\LR1\mysite\cleaningsite\main\views.py changed, reloading.
2024-09-11 13:45:11,648 - main.views - INFO - In about us
2024-09-11 13:45:49,520 - main.views - INFO - In about us
2024-09-11 13:46:13,527 - main.views - INFO - In login
2024-09-11 13:46:14,407 - main.views - INFO - In profile
2024-09-11 13:47:16,245 - django.utils.autoreload - INFO - C:\Users\Alexander\Desktop\bsuir\IGI\253505_Stanishewski_21\STRWEB\LR1\mysite\cleaningsite\main\admin.py changed, reloading.
2024-09-11 13:47:16,395 - django.utils.autoreload - INFO - C:\Users\Alexander\Desktop\bsuir\IGI\253505_Stanishewski_21\STRWEB\LR1\mysite\cleaningsite\main\admin.py changed, reloading.
2024-09-11 13:58:11,560 - django.utils.autoreload - INFO - C:\Users\Alexander\Desktop\bsuir\IGI\253505_Stanishewski_21\STRWEB\LR1\mysite\cleaningsite\main\views.py changed, reloading.
2024-09-11 13:58:11,658 - django.utils.autoreload - INFO - C:\Users\Alexander\Desktop\bsuir\IGI\253505_Stanishewski_21\STRWEB\LR1\mysite\cleaningsite\main\views.py changed, reloading.
2024-09-11 13:58:18,361 - django.utils.autoreload - INFO - C:\Users\Alexander\Desktop\bsuir\IGI\253505_Stanishewski_21\STRWEB\LR1\mysite\cleaningsite\main\views.py changed, reloading.
2024-09-11 13:58:19,340 - django.utils.autoreload - INFO - C:\Users\Alexander\Desktop\bsuir\IGI\253505_Stanishewski_21\STRWEB\LR1\mysite\cleaningsite\main\views.py changed, reloading.
2024-09-11 13:58:22,020 - django.utils.autoreload - INFO - C:\Users\Alexander\Desktop\bsuir\IGI\253505_Stanishewski_21\STRWEB\LR1\mysite\cleaningsite\main\views.py changed, reloading.
2024-09-11 14:03:00,897 - django.utils.autoreload - INFO - C:\Users\Alexander\Desktop\bsuir\IGI\253505_Stanishewski_21\STRWEB\LR1\mysite\cleaningsite\main\views.py changed, reloading.
2024-09-11 14:03:01,263 - django.utils.autoreload - INFO - C:\Users\Alexander\Desktop\bsuir\IGI\253505_Stanishewski_21\STRWEB\LR1\mysite\cleaningsite\main\views.py changed, reloading.
2024-09-11 14:09:43,560 - main.views - INFO - In login
2024-09-11 14:10:00,797 - main.views - INFO - In login
2024-09-11 14:10:10,818 - main.views - INFO - In login
2024-09-11 14:12:44,665 - main.views - INFO - In cart
2024-09-11 14:13:45,128 - main.views - INFO - In about us
2024-09-11 16:55:39,943 - main.views - INFO - In about us
2024-09-11 16:56:13,325 - main.views - INFO - In about us
2024-09-11 16:56:22,776 - main.views - INFO - In login
2024-09-11 16:56:23,484 - main.views - INFO - In profile
2024-09-11 16:56:27,332 - main.views - INFO - In user edit
2024-09-11 16:56:57,914 - main.views - INFO - In profile
2024-09-11 17:27:31,031 - main.views - INFO - In profile
2024-09-11 17:27:32,016 - main.views - INFO - In profile
2024-09-11 17:34:21,286 - main.views - INFO - In login
2024-09-11 17:34:23,066 - main.views - INFO - In profile
2024-09-11 17:34:56,893 - main.views - INFO - In about us
2024-09-11 17:35:16,270 - main.views - INFO - In login
2024-09-11 17:35:18,899 - main.views - INFO - In login
2024-09-11 17:35:40,209 - main.views - INFO - In managment
2024-09-11 17:37:58,569 - django.utils.autoreload - INFO - C:\Users\Alexander\Desktop\bsuir\IGI\253505_Stanishewski_21\STRWEB\LR1\mysite\cleaningsite\main\urls.py changed, reloading.
2024-09-11 18:04:47,340 - main.views - INFO - In create
2024-09-11 18:05:08,984 - main.views - INFO - In about us
2024-09-11 18:05:10,966 - main.views - INFO - In profile
2024-09-11 18:05:14,340 - main.views - INFO - In profile
2024-09-11 18:05:46,680 - main.views - INFO - In profile
2024-09-11 18:05:58,407 - main.views - INFO - In profile
2024-09-11 18:06:32,438 - main.views - INFO - In profile
2024-09-11 18:06:42,610 - main.views - INFO - In profile
2024-09-11 18:17:36,755 - django.utils.autoreload - INFO - C:\Users\Alexander\Desktop\bsuir\IGI\253505_Stanishewski_21\STRWEB\LR1\mysite\cleaningsite\main\models.py changed, reloading.
2024-09-11 18:17:52,248 - django.utils.autoreload - INFO - C:\Users\Alexander\Desktop\bsuir\IGI\253505_Stanishewski_21\STRWEB\LR1\mysite\cleaningsite\main\models.py changed, reloading.
2024-09-11 18:19:31,457 - django.utils.autoreload - INFO - C:\Users\Alexander\Desktop\bsuir\IGI\253505_Stanishewski_21\STRWEB\LR1\mysite\cleaningsite\main\urls.py changed, reloading.
2024-09-11 18:26:17,675 - django.request - ERROR - Internal Server Error: /news
Traceback (most recent call last):
  File "C:\Users\Alexander\Desktop\bsuir\IGI\253505_Stanishewski_21\STRWEB\LR1\mysite\.venv\lib\site-packages\django\core\handlers\exception.py", line 55, in inner
    response = get_response(request)
  File "C:\Users\Alexander\Desktop\bsuir\IGI\253505_Stanishewski_21\STRWEB\LR1\mysite\.venv\lib\site-packages\django\core\handlers\base.py", line 197, in _get_response
    response = wrapped_callback(request, *callback_args, **callback_kwargs)
  File "C:\Users\Alexander\Desktop\bsuir\IGI\253505_Stanishewski_21\STRWEB\LR1\mysite\cleaningsite\main\views.py", line 592, in news_view
    return render(request, 'main/news.html', {
  File "C:\Users\Alexander\Desktop\bsuir\IGI\253505_Stanishewski_21\STRWEB\LR1\mysite\.venv\lib\site-packages\django\shortcuts.py", line 25, in render
    content = loader.render_to_string(template_name, context, request, using=using)
  File "C:\Users\Alexander\Desktop\bsuir\IGI\253505_Stanishewski_21\STRWEB\LR1\mysite\.venv\lib\site-packages\django\template\loader.py", line 62, in render_to_string
    return template.render(context, request)
  File "C:\Users\Alexander\Desktop\bsuir\IGI\253505_Stanishewski_21\STRWEB\LR1\mysite\.venv\lib\site-packages\django\template\backends\django.py", line 61, in render
    return self.template.render(context)
  File "C:\Users\Alexander\Desktop\bsuir\IGI\253505_Stanishewski_21\STRWEB\LR1\mysite\.venv\lib\site-packages\django\template\base.py", line 171, in render
    return self._render(context)
  File "C:\Users\Alexander\Desktop\bsuir\IGI\253505_Stanishewski_21\STRWEB\LR1\mysite\.venv\lib\site-packages\django\template\base.py", line 163, in _render
    return self.nodelist.render(context)
  File "C:\Users\Alexander\Desktop\bsuir\IGI\253505_Stanishewski_21\STRWEB\LR1\mysite\.venv\lib\site-packages\django\template\base.py", line 1000, in render
    return SafeString("".join([node.render_annotated(context) for node in self]))
  File "C:\Users\Alexander\Desktop\bsuir\IGI\253505_Stanishewski_21\STRWEB\LR1\mysite\.venv\lib\site-packages\django\template\base.py", line 1000, in <listcomp>
    return SafeString("".join([node.render_annotated(context) for node in self]))
  File "C:\Users\Alexander\Desktop\bsuir\IGI\253505_Stanishewski_21\STRWEB\LR1\mysite\.venv\lib\site-packages\django\template\base.py", line 961, in render_annotated
    return self.render(context)
  File "C:\Users\Alexander\Desktop\bsuir\IGI\253505_Stanishewski_21\STRWEB\LR1\mysite\.venv\lib\site-packages\django\template\loader_tags.py", line 159, in render
    return compiled_parent._render(context)
  File "C:\Users\Alexander\Desktop\bsuir\IGI\253505_Stanishewski_21\STRWEB\LR1\mysite\.venv\lib\site-packages\django\template\base.py", line 163, in _render
    return self.nodelist.render(context)
  File "C:\Users\Alexander\Desktop\bsuir\IGI\253505_Stanishewski_21\STRWEB\LR1\mysite\.venv\lib\site-packages\django\template\base.py", line 1000, in render
    return SafeString("".join([node.render_annotated(context) for node in self]))
  File "C:\Users\Alexander\Desktop\bsuir\IGI\253505_Stanishewski_21\STRWEB\LR1\mysite\.venv\lib\site-packages\django\template\base.py", line 1000, in <listcomp>
    return SafeString("".join([node.render_annotated(context) for node in self]))
  File "C:\Users\Alexander\Desktop\bsuir\IGI\253505_Stanishewski_21\STRWEB\LR1\mysite\.venv\lib\site-packages\django\template\base.py", line 961, in render_annotated
    return self.render(context)
  File "C:\Users\Alexander\Desktop\bsuir\IGI\253505_Stanishewski_21\STRWEB\LR1\mysite\.venv\lib\site-packages\django\template\loader_tags.py", line 65, in render
    result = block.nodelist.render(context)
  File "C:\Users\Alexander\Desktop\bsuir\IGI\253505_Stanishewski_21\STRWEB\LR1\mysite\.venv\lib\site-packages\django\template\base.py", line 1000, in render
    return SafeString("".join([node.render_annotated(context) for node in self]))
  File "C:\Users\Alexander\Desktop\bsuir\IGI\253505_Stanishewski_21\STRWEB\LR1\mysite\.venv\lib\site-packages\django\template\base.py", line 1000, in <listcomp>
    return SafeString("".join([node.render_annotated(context) for node in self]))
  File "C:\Users\Alexander\Desktop\bsuir\IGI\253505_Stanishewski_21\STRWEB\LR1\mysite\.venv\lib\site-packages\django\template\base.py", line 961, in render_annotated
    return self.render(context)
  File "C:\Users\Alexander\Desktop\bsuir\IGI\253505_Stanishewski_21\STRWEB\LR1\mysite\.venv\lib\site-packages\django\template\defaulttags.py", line 242, in render
    nodelist.append(node.render_annotated(context))
  File "C:\Users\Alexander\Desktop\bsuir\IGI\253505_Stanishewski_21\STRWEB\LR1\mysite\.venv\lib\site-packages\django\template\base.py", line 961, in render_annotated
    return self.render(context)
  File "C:\Users\Alexander\Desktop\bsuir\IGI\253505_Stanishewski_21\STRWEB\LR1\mysite\.venv\lib\site-packages\django\template\base.py", line 1059, in render
    output = self.filter_expression.resolve(context)
  File "C:\Users\Alexander\Desktop\bsuir\IGI\253505_Stanishewski_21\STRWEB\LR1\mysite\.venv\lib\site-packages\django\template\base.py", line 710, in resolve
    obj = self.var.resolve(context)
  File "C:\Users\Alexander\Desktop\bsuir\IGI\253505_Stanishewski_21\STRWEB\LR1\mysite\.venv\lib\site-packages\django\template\base.py", line 842, in resolve
    value = self._resolve_lookup(context)
  File "C:\Users\Alexander\Desktop\bsuir\IGI\253505_Stanishewski_21\STRWEB\LR1\mysite\.venv\lib\site-packages\django\template\base.py", line 909, in _resolve_lookup
    current = current()
  File "C:\Users\Alexander\Desktop\bsuir\IGI\253505_Stanishewski_21\STRWEB\LR1\mysite\cleaningsite\main\models.py", line 126, in get_absolute_url
    args=[self.publish.year,
AttributeError: 'News' object has no attribute 'publish'
2024-09-11 18:26:17,937 - django.request - WARNING - Not Found: /favicon.ico
2024-09-11 18:26:37,556 - django.utils.autoreload - INFO - C:\Users\Alexander\Desktop\bsuir\IGI\253505_Stanishewski_21\STRWEB\LR1\mysite\cleaningsite\main\models.py changed, reloading.
2024-09-11 18:26:41,857 - django.utils.autoreload - INFO - C:\Users\Alexander\Desktop\bsuir\IGI\253505_Stanishewski_21\STRWEB\LR1\mysite\cleaningsite\main\models.py changed, reloading.
2024-09-11 18:26:48,258 - main.views - INFO - In profile
2024-09-11 18:29:12,412 - main.views - INFO - In orders
2024-09-11 19:12:47,039 - main.views - INFO - In profile
2024-09-11 19:13:50,714 - main.views - INFO - In profile
2024-09-11 19:14:08,034 - main.views - INFO - In orders
2024-09-12 17:19:35,232 - main.views - INFO - In profile
2024-09-12 17:19:37,744 - main.views - INFO - In login
2024-09-12 17:19:40,885 - main.views - INFO - In login
2024-09-12 17:20:48,646 - main.views - INFO - In cart
2024-09-12 17:21:02,517 - main.views - INFO - In cart
2024-09-12 17:21:03,394 - main.views - INFO - In cart
2024-09-12 17:21:05,948 - main.views - INFO - In login
2024-09-12 17:28:36,525 - django.request - WARNING - Not Found: /document.pdf
2024-09-12 17:29:51,257 - django.request - WARNING - Not Found: /document.pdf
2024-09-12 17:31:37,853 - django.request - WARNING - Not Found: /document.pdf
2024-09-12 17:37:08,238 - django.request - WARNING - Not Found: /document.pdf
2024-09-12 22:10:53,922 - main.views - INFO - In orders
2024-09-12 22:11:48,906 - main.views - INFO - In profile
2024-09-12 22:11:55,086 - main.views - INFO - In cart
2024-09-12 22:11:58,756 - main.views - INFO - In about us
2024-09-12 22:12:37,402 - django.utils.autoreload - INFO - C:\Users\Alexander\Desktop\bsuir\IGI\253505_Stanishewski_21\STRWEB\LR1\mysite\cleaningsite\main\views.py changed, reloading.
2024-09-12 22:12:40,133 - django.utils.autoreload - INFO - C:\Users\Alexander\Desktop\bsuir\IGI\253505_Stanishewski_21\STRWEB\LR1\mysite\cleaningsite\main\views.py changed, reloading.
2024-09-12 22:13:00,724 - main.views - INFO - In cart
2024-09-12 22:13:02,553 - django.request - ERROR - Internal Server Error: /order
Traceback (most recent call last):
  File "C:\Users\Alexander\Desktop\bsuir\IGI\253505_Stanishewski_21\STRWEB\LR1\mysite\.venv\lib\site-packages\django\core\handlers\exception.py", line 55, in inner
    response = get_response(request)
  File "C:\Users\Alexander\Desktop\bsuir\IGI\253505_Stanishewski_21\STRWEB\LR1\mysite\.venv\lib\site-packages\django\core\handlers\base.py", line 197, in _get_response
    response = wrapped_callback(request, *callback_args, **callback_kwargs)
  File "C:\Users\Alexander\Desktop\bsuir\IGI\253505_Stanishewski_21\STRWEB\LR1\mysite\cleaningsite\main\views.py", line 391, in make_order
    return render(request, 'main/order/order.html', {'form': form})
  File "C:\Users\Alexander\Desktop\bsuir\IGI\253505_Stanishewski_21\STRWEB\LR1\mysite\.venv\lib\site-packages\django\shortcuts.py", line 25, in render
    content = loader.render_to_string(template_name, context, request, using=using)
  File "C:\Users\Alexander\Desktop\bsuir\IGI\253505_Stanishewski_21\STRWEB\LR1\mysite\.venv\lib\site-packages\django\template\loader.py", line 61, in render_to_string
    template = get_template(template_name, using=using)
  File "C:\Users\Alexander\Desktop\bsuir\IGI\253505_Stanishewski_21\STRWEB\LR1\mysite\.venv\lib\site-packages\django\template\loader.py", line 19, in get_template
    raise TemplateDoesNotExist(template_name, chain=chain)
django.template.exceptions.TemplateDoesNotExist: main/orderorder.html
2024-09-12 22:13:02,678 - django.request - WARNING - Not Found: /favicon.ico
2024-09-12 22:13:57,658 - django.utils.autoreload - INFO - C:\Users\Alexander\Desktop\bsuir\IGI\253505_Stanishewski_21\STRWEB\LR1\mysite\cleaningsite\main\views.py changed, reloading.
2024-09-12 22:14:01,442 - django.utils.autoreload - INFO - C:\Users\Alexander\Desktop\bsuir\IGI\253505_Stanishewski_21\STRWEB\LR1\mysite\cleaningsite\main\views.py changed, reloading.
2024-09-12 22:17:09,323 - main.views - INFO - In login
2024-09-12 22:17:21,730 - main.views - INFO - In login
2024-09-12 22:17:27,753 - main.views - INFO - employee is looking for orders
2024-09-12 22:17:31,249 - main.views - INFO - Someone edited order
2024-09-12 22:17:39,660 - main.views - INFO - Someone edited order
2024-09-12 22:17:51,785 - main.views - INFO - Someone edited order
2024-09-12 22:17:54,923 - main.views - INFO - In orders
2024-09-12 22:19:40,525 - django.utils.autoreload - INFO - C:\Users\Alexander\Desktop\bsuir\IGI\253505_Stanishewski_21\STRWEB\LR1\mysite\cleaningsite\main\views.py changed, reloading.
2024-09-12 22:30:38,947 - main.views - INFO - In profile
2024-09-12 22:30:39,087 - django.request - ERROR - Internal Server Error: /profile
Traceback (most recent call last):
  File "C:\Users\Alexander\Desktop\bsuir\IGI\253505_Stanishewski_21\STRWEB\LR1\mysite\.venv\lib\site-packages\django\core\handlers\exception.py", line 55, in inner
    response = get_response(request)
  File "C:\Users\Alexander\Desktop\bsuir\IGI\253505_Stanishewski_21\STRWEB\LR1\mysite\.venv\lib\site-packages\django\core\handlers\base.py", line 204, in _get_response
    self.check_response(response, callback)
  File "C:\Users\Alexander\Desktop\bsuir\IGI\253505_Stanishewski_21\STRWEB\LR1\mysite\.venv\lib\site-packages\django\core\handlers\base.py", line 332, in check_response
    raise ValueError(
ValueError: The view main.views.user_profile didn't return an HttpResponse object. It returned None instead.
2024-09-12 22:30:57,329 - django.utils.autoreload - INFO - C:\Users\Alexander\Desktop\bsuir\IGI\253505_Stanishewski_21\STRWEB\LR1\mysite\cleaningsite\main\views.py changed, reloading.
2024-09-12 22:31:00,294 - main.views - INFO - In profile
2024-09-12 22:31:00,355 - django.request - ERROR - Internal Server Error: /profile
Traceback (most recent call last):
  File "C:\Users\Alexander\Desktop\bsuir\IGI\253505_Stanishewski_21\STRWEB\LR1\mysite\.venv\lib\site-packages\django\core\handlers\exception.py", line 55, in inner
    response = get_response(request)
  File "C:\Users\Alexander\Desktop\bsuir\IGI\253505_Stanishewski_21\STRWEB\LR1\mysite\.venv\lib\site-packages\django\core\handlers\base.py", line 197, in _get_response
    response = wrapped_callback(request, *callback_args, **callback_kwargs)
  File "C:\Users\Alexander\Desktop\bsuir\IGI\253505_Stanishewski_21\STRWEB\LR1\mysite\cleaningsite\main\views.py", line 217, in user_profile
    return render(request, 'main/profile/profile.html',
  File "C:\Users\Alexander\Desktop\bsuir\IGI\253505_Stanishewski_21\STRWEB\LR1\mysite\.venv\lib\site-packages\django\shortcuts.py", line 25, in render
    content = loader.render_to_string(template_name, context, request, using=using)
  File "C:\Users\Alexander\Desktop\bsuir\IGI\253505_Stanishewski_21\STRWEB\LR1\mysite\.venv\lib\site-packages\django\template\loader.py", line 61, in render_to_string
    template = get_template(template_name, using=using)
  File "C:\Users\Alexander\Desktop\bsuir\IGI\253505_Stanishewski_21\STRWEB\LR1\mysite\.venv\lib\site-packages\django\template\loader.py", line 19, in get_template
    raise TemplateDoesNotExist(template_name, chain=chain)
django.template.exceptions.TemplateDoesNotExist: main/profile/profile.html
2024-09-12 22:31:15,115 - main.views - INFO - In profile
2024-09-12 22:31:25,471 - main.views - INFO - In login
2024-09-12 22:31:28,303 - main.views - INFO - In login
2024-09-12 22:31:31,597 - main.views - INFO - In profile
2024-09-12 22:31:37,801 - main.views - INFO - In login
2024-09-12 22:31:40,713 - main.views - INFO - In login
2024-09-12 22:31:43,336 - main.views - INFO - In profile
2024-09-12 22:31:43,416 - django.request - ERROR - Internal Server Error: /profile
Traceback (most recent call last):
  File "C:\Users\Alexander\Desktop\bsuir\IGI\253505_Stanishewski_21\STRWEB\LR1\mysite\.venv\lib\site-packages\django\core\handlers\exception.py", line 55, in inner
    response = get_response(request)
  File "C:\Users\Alexander\Desktop\bsuir\IGI\253505_Stanishewski_21\STRWEB\LR1\mysite\.venv\lib\site-packages\django\core\handlers\base.py", line 197, in _get_response
    response = wrapped_callback(request, *callback_args, **callback_kwargs)
  File "C:\Users\Alexander\Desktop\bsuir\IGI\253505_Stanishewski_21\STRWEB\LR1\mysite\cleaningsite\main\views.py", line 216, in user_profile
    type_of_user = Customer.objects.get(user=request.user)
  File "C:\Users\Alexander\Desktop\bsuir\IGI\253505_Stanishewski_21\STRWEB\LR1\mysite\.venv\lib\site-packages\django\db\models\manager.py", line 87, in manager_method
    return getattr(self.get_queryset(), name)(*args, **kwargs)
  File "C:\Users\Alexander\Desktop\bsuir\IGI\253505_Stanishewski_21\STRWEB\LR1\mysite\.venv\lib\site-packages\django\db\models\query.py", line 649, in get
    raise self.model.DoesNotExist(
main.models.Customer.DoesNotExist: Customer matching query does not exist.
2024-09-12 22:32:00,339 - django.utils.autoreload - INFO - C:\Users\Alexander\Desktop\bsuir\IGI\253505_Stanishewski_21\STRWEB\LR1\mysite\cleaningsite\main\views.py changed, reloading.
2024-09-12 22:33:41,123 - django.utils.autoreload - INFO - C:\Users\Alexander\Desktop\bsuir\IGI\253505_Stanishewski_21\STRWEB\LR1\mysite\cleaningsite\main\views.py changed, reloading.
2024-09-12 22:33:48,458 - main.views - INFO - In profile
2024-09-12 22:33:48,500 - django.request - ERROR - Internal Server Error: /profile
Traceback (most recent call last):
  File "C:\Users\Alexander\Desktop\bsuir\IGI\253505_Stanishewski_21\STRWEB\LR1\mysite\.venv\lib\site-packages\django\core\handlers\exception.py", line 55, in inner
    response = get_response(request)
  File "C:\Users\Alexander\Desktop\bsuir\IGI\253505_Stanishewski_21\STRWEB\LR1\mysite\.venv\lib\site-packages\django\core\handlers\base.py", line 197, in _get_response
    response = wrapped_callback(request, *callback_args, **callback_kwargs)
  File "C:\Users\Alexander\Desktop\bsuir\IGI\253505_Stanishewski_21\STRWEB\LR1\mysite\cleaningsite\main\views.py", line 219, in user_profile
    'user': type_of_user,
UnboundLocalError: local variable 'type_of_user' referenced before assignment
2024-09-12 22:34:11,997 - django.utils.autoreload - INFO - C:\Users\Alexander\Desktop\bsuir\IGI\253505_Stanishewski_21\STRWEB\LR1\mysite\cleaningsite\main\views.py changed, reloading.
2024-09-12 22:34:15,916 - django.utils.autoreload - INFO - C:\Users\Alexander\Desktop\bsuir\IGI\253505_Stanishewski_21\STRWEB\LR1\mysite\cleaningsite\main\views.py changed, reloading.
2024-09-12 22:34:24,278 - main.views - INFO - In profile
2024-09-12 22:34:24,317 - django.request - ERROR - Internal Server Error: /profile
Traceback (most recent call last):
  File "C:\Users\Alexander\Desktop\bsuir\IGI\253505_Stanishewski_21\STRWEB\LR1\mysite\.venv\lib\site-packages\django\core\handlers\exception.py", line 55, in inner
    response = get_response(request)
  File "C:\Users\Alexander\Desktop\bsuir\IGI\253505_Stanishewski_21\STRWEB\LR1\mysite\.venv\lib\site-packages\django\core\handlers\base.py", line 197, in _get_response
    response = wrapped_callback(request, *callback_args, **callback_kwargs)
  File "C:\Users\Alexander\Desktop\bsuir\IGI\253505_Stanishewski_21\STRWEB\LR1\mysite\cleaningsite\main\views.py", line 213, in user_profile
    type_of_user = None
NameError: name 'no' is not defined
2024-09-12 22:34:35,807 - main.views - INFO - In profile
2024-09-12 22:34:42,098 - main.views - INFO - In login
2024-09-12 22:34:44,265 - main.views - INFO - In login
2024-09-12 22:34:45,959 - main.views - INFO - In profile
2024-09-12 22:34:47,687 - main.views - INFO - In user edit
2024-09-12 22:34:53,917 - main.views - INFO - In login
2024-09-12 22:34:57,085 - main.views - INFO - In login
2024-09-12 22:34:58,399 - main.views - INFO - In profile
2024-09-12 22:35:00,387 - main.views - INFO - In user edit
2024-09-12 22:36:12,516 - django.utils.autoreload - INFO - C:\Users\Alexander\Desktop\bsuir\IGI\253505_Stanishewski_21\STRWEB\LR1\mysite\cleaningsite\main\views.py changed, reloading.
2024-09-12 22:43:30,163 - main.views - INFO - In about us
2024-09-12 22:43:32,219 - main.views - INFO - In login
2024-09-12 22:43:32,706 - main.views - INFO - In profile
2024-09-12 22:43:33,773 - main.views - INFO - In login
2024-09-12 22:43:35,374 - main.views - INFO - In register
2024-09-12 22:43:37,885 - main.views - INFO - In profile
2024-09-12 22:43:46,582 - main.views - INFO - employee is looking for orders
2024-09-12 22:43:56,243 - main.views - INFO - In orders
2024-09-12 22:44:00,313 - main.views - INFO - In orders
2024-09-12 22:44:04,247 - main.views - INFO - In profile
2024-09-12 22:44:54,628 - main.views - INFO - In about us
2024-09-12 23:10:56,701 - main.views - INFO - In about us
2024-09-12 23:10:59,431 - main.views - INFO - In login
2024-09-12 23:10:59,869 - main.views - INFO - In profile
2024-09-12 23:11:01,638 - main.views - INFO - In profile
2024-09-12 23:11:05,017 - main.views - INFO - In user edit
2024-09-15 18:29:51,152 - main.views - INFO - In about us
2024-09-15 18:29:53,719 - main.views - INFO - In profile
2024-09-15 18:29:54,296 - main.views - INFO - In login
2024-09-15 18:29:57,619 - main.views - INFO - employee is looking for orders
2024-09-15 18:30:01,700 - main.views - INFO - In orders
2024-09-15 18:48:42,520 - django.request - WARNING - Not Found: /media/vihuhol.jpg
2024-09-16 11:53:07,539 - django.security.csrf - WARNING - Forbidden (CSRF token missing.): /tags
2024-09-16 11:53:07,717 - django.request - WARNING - Not Found: /favicon.ico
2024-09-16 12:01:20,096 - django.security.csrf - WARNING - Forbidden (CSRF token missing.): /tags
2024-09-16 18:27:50,020 - django.request - WARNING - Not Found: /document.pdf
2024-09-16 19:14:15,251 - main.views - INFO - In about us
2024-09-16 19:14:16,759 - main.views - INFO - In about us
2024-09-16 19:20:57,265 - main.views - INFO - In about us
2024-09-18 17:12:11,191 - django.utils.autoreload - INFO - C:\Users\Alexander\Desktop\bsuir\IGI\253505_Stanishewski_21\STRWEB\LR1\mysite\cleaningsite\cleaningsite\settings.py changed, reloading.
2024-09-18 21:36:02,503 - django.request - WARNING - Not Found: /favicon.ico
2024-09-18 21:51:04,044 - django.utils.autoreload - INFO - C:\Users\Alexander\Desktop\bsuir\IGI\253505_Stanishewski_21\STRWEB\LR1\mysite\cleaningsite\main\models.py changed, reloading.
2024-09-18 21:51:11,552 - django.utils.autoreload - INFO - C:\Users\Alexander\Desktop\bsuir\IGI\253505_Stanishewski_21\STRWEB\LR1\mysite\cleaningsite\main\models.py changed, reloading.
2024-09-18 21:51:14,405 - django.utils.autoreload - INFO - C:\Users\Alexander\Desktop\bsuir\IGI\253505_Stanishewski_21\STRWEB\LR1\mysite\cleaningsite\main\models.py changed, reloading.
2024-09-18 21:51:40,267 - django.utils.autoreload - INFO - C:\Users\Alexander\Desktop\bsuir\IGI\253505_Stanishewski_21\STRWEB\LR1\mysite\cleaningsite\main\models.py changed, reloading.
2024-09-18 21:51:43,041 - django.utils.autoreload - INFO - C:\Users\Alexander\Desktop\bsuir\IGI\253505_Stanishewski_21\STRWEB\LR1\mysite\cleaningsite\main\models.py changed, reloading.
2024-09-18 21:51:48,659 - django.utils.autoreload - INFO - C:\Users\Alexander\Desktop\bsuir\IGI\253505_Stanishewski_21\STRWEB\LR1\mysite\cleaningsite\main\models.py changed, reloading.
2024-09-18 22:10:06,349 - main.views - INFO - In profile
2024-09-18 22:25:18,178 - main.views - INFO - In profile
2024-09-18 22:26:35,017 - main.views - INFO - In profile
2024-09-18 22:26:37,764 - main.views - INFO - In profile
2024-09-18 22:26:41,876 - main.views - INFO - In orders
2024-09-18 22:52:00,438 - django.request - WARNING - Not Found: /favicon.ico
2024-09-18 23:13:16,988 - main.views - INFO - In login
2024-09-18 23:13:20,314 - main.views - INFO - In about us
2024-09-18 23:17:36,835 - main.views - INFO - In profile
2024-09-18 23:17:43,517 - main.views - INFO - In login
2024-09-18 23:17:46,520 - main.views - INFO - In login
2024-09-18 23:17:51,404 - main.views - INFO - In cart
2024-09-18 23:17:57,296 - main.views - INFO - In orders
2024-09-18 23:18:04,651 - main.views - INFO - In orders
2024-09-18 23:18:10,244 - main.views - INFO - In cart
2024-09-18 23:18:15,915 - main.views - INFO - In login
2024-09-18 23:18:21,628 - main.views - INFO - In login
2024-09-18 23:18:27,303 - main.views - INFO - In orders
2024-09-18 23:18:32,146 - main.views - INFO - In employee profile
2024-09-18 23:26:07,207 - main.views - INFO - In cart
2024-09-18 23:26:43,224 - main.views - INFO - In orders
2024-09-18 23:26:52,998 - main.views - INFO - In employee profile
2024-09-19 14:11:23,585 - main.views - INFO - In profile
2024-09-19 14:11:45,437 - main.views - INFO - In login
2024-09-19 14:11:57,563 - main.views - INFO - In about us
2024-09-19 14:35:04,268 - django.request - ERROR - Internal Server Error: /faq/
Traceback (most recent call last):
  File "C:\Users\Alexander\Desktop\bsuir\IGI\253505_Stanishewski_21\STRWEB\LR1\mysite\.venv\lib\site-packages\django\core\handlers\exception.py", line 55, in inner
    response = get_response(request)
  File "C:\Users\Alexander\Desktop\bsuir\IGI\253505_Stanishewski_21\STRWEB\LR1\mysite\.venv\lib\site-packages\django\core\handlers\base.py", line 197, in _get_response
    response = wrapped_callback(request, *callback_args, **callback_kwargs)
  File "C:\Users\Alexander\Desktop\bsuir\IGI\253505_Stanishewski_21\STRWEB\LR1\mysite\cleaningsite\main\views.py", line 658, in faq_list
    return render(request, 'main/faq_list.html', {'faqs': faqs, 'form': form, 'is_employee': is_employee,'user_is_superuser':user_is_superuser,'is_auth':is_auth})
  File "C:\Users\Alexander\Desktop\bsuir\IGI\253505_Stanishewski_21\STRWEB\LR1\mysite\.venv\lib\site-packages\django\shortcuts.py", line 25, in render
    content = loader.render_to_string(template_name, context, request, using=using)
  File "C:\Users\Alexander\Desktop\bsuir\IGI\253505_Stanishewski_21\STRWEB\LR1\mysite\.venv\lib\site-packages\django\template\loader.py", line 61, in render_to_string
    template = get_template(template_name, using=using)
  File "C:\Users\Alexander\Desktop\bsuir\IGI\253505_Stanishewski_21\STRWEB\LR1\mysite\.venv\lib\site-packages\django\template\loader.py", line 15, in get_template
    return engine.get_template(template_name)
  File "C:\Users\Alexander\Desktop\bsuir\IGI\253505_Stanishewski_21\STRWEB\LR1\mysite\.venv\lib\site-packages\django\template\backends\django.py", line 33, in get_template
    return Template(self.engine.get_template(template_name), self)
  File "C:\Users\Alexander\Desktop\bsuir\IGI\253505_Stanishewski_21\STRWEB\LR1\mysite\.venv\lib\site-packages\django\template\engine.py", line 177, in get_template
    template, origin = self.find_template(template_name)
  File "C:\Users\Alexander\Desktop\bsuir\IGI\253505_Stanishewski_21\STRWEB\LR1\mysite\.venv\lib\site-packages\django\template\engine.py", line 159, in find_template
    template = loader.get_template(name, skip=skip)
  File "C:\Users\Alexander\Desktop\bsuir\IGI\253505_Stanishewski_21\STRWEB\LR1\mysite\.venv\lib\site-packages\django\template\loaders\cached.py", line 57, in get_template
    template = super().get_template(template_name, skip)
  File "C:\Users\Alexander\Desktop\bsuir\IGI\253505_Stanishewski_21\STRWEB\LR1\mysite\.venv\lib\site-packages\django\template\loaders\base.py", line 28, in get_template
    return Template(
  File "C:\Users\Alexander\Desktop\bsuir\IGI\253505_Stanishewski_21\STRWEB\LR1\mysite\.venv\lib\site-packages\django\template\base.py", line 154, in __init__
    self.nodelist = self.compile_nodelist()
  File "C:\Users\Alexander\Desktop\bsuir\IGI\253505_Stanishewski_21\STRWEB\LR1\mysite\.venv\lib\site-packages\django\template\base.py", line 196, in compile_nodelist
    return parser.parse()
  File "C:\Users\Alexander\Desktop\bsuir\IGI\253505_Stanishewski_21\STRWEB\LR1\mysite\.venv\lib\site-packages\django\template\base.py", line 511, in parse
    self.extend_nodelist(nodelist, compiled_result, token)
  File "C:\Users\Alexander\Desktop\bsuir\IGI\253505_Stanishewski_21\STRWEB\LR1\mysite\.venv\lib\site-packages\django\template\base.py", line 528, in extend_nodelist
    raise self.error(
django.template.exceptions.TemplateSyntaxError: <ExtendsNode: extends 'main/base.html'> must be the first tag in the template.
2024-09-19 14:42:44,830 - django.utils.autoreload - INFO - C:\Users\Alexander\Desktop\bsuir\IGI\253505_Stanishewski_21\STRWEB\LR1\mysite\cleaningsite\main\models.py changed, reloading.
2024-09-19 15:15:54,303 - django.utils.autoreload - INFO - C:\Users\Alexander\Desktop\bsuir\IGI\253505_Stanishewski_21\STRWEB\LR1\mysite\cleaningsite\main\forms.py changed, reloading.
2024-09-19 18:05:25,290 - main.views - INFO - In login
2024-09-19 18:05:28,248 - main.views - INFO - In login
2024-09-19 18:09:42,980 - main.views - INFO - In about us
2024-09-19 18:09:50,970 - main.views - INFO - In login
2024-09-21 12:42:15,086 - django.utils.autoreload - INFO - C:\Users\Alexander\Desktop\bsuir\IGI\253505_Stanishewski_21\STRWEB\LR1\mysite\cleaningsite\main\forms.py changed, reloading.
2024-09-21 12:42:19,498 - django.utils.autoreload - INFO - C:\Users\Alexander\Desktop\bsuir\IGI\253505_Stanishewski_21\STRWEB\LR1\mysite\cleaningsite\main\forms.py changed, reloading.
2024-09-21 12:42:41,500 - django.utils.autoreload - INFO - C:\Users\Alexander\Desktop\bsuir\IGI\253505_Stanishewski_21\STRWEB\LR1\mysite\cleaningsite\main\forms.py changed, reloading.
2024-09-21 12:42:52,134 - django.utils.autoreload - INFO - C:\Users\Alexander\Desktop\bsuir\IGI\253505_Stanishewski_21\STRWEB\LR1\mysite\cleaningsite\main\forms.py changed, reloading.
2024-09-21 12:43:09,302 - django.utils.autoreload - INFO - C:\Users\Alexander\Desktop\bsuir\IGI\253505_Stanishewski_21\STRWEB\LR1\mysite\cleaningsite\main\forms.py changed, reloading.
2024-09-21 12:43:23,390 - django.utils.autoreload - INFO - C:\Users\Alexander\Desktop\bsuir\IGI\253505_Stanishewski_21\STRWEB\LR1\mysite\cleaningsite\main\forms.py changed, reloading.
2024-09-21 12:43:27,897 - django.utils.autoreload - INFO - C:\Users\Alexander\Desktop\bsuir\IGI\253505_Stanishewski_21\STRWEB\LR1\mysite\cleaningsite\main\forms.py changed, reloading.
2024-09-21 12:43:36,154 - django.utils.autoreload - INFO - C:\Users\Alexander\Desktop\bsuir\IGI\253505_Stanishewski_21\STRWEB\LR1\mysite\cleaningsite\main\forms.py changed, reloading.
2024-09-21 12:44:54,809 - django.utils.autoreload - INFO - C:\Users\Alexander\Desktop\bsuir\IGI\253505_Stanishewski_21\STRWEB\LR1\mysite\cleaningsite\main\forms.py changed, reloading.
2024-09-21 12:46:33,311 - django.utils.autoreload - INFO - C:\Users\Alexander\Desktop\bsuir\IGI\253505_Stanishewski_21\STRWEB\LR1\mysite\cleaningsite\main\forms.py changed, reloading.
2024-09-21 12:46:55,243 - django.utils.autoreload - INFO - C:\Users\Alexander\Desktop\bsuir\IGI\253505_Stanishewski_21\STRWEB\LR1\mysite\cleaningsite\main\forms.py changed, reloading.
2024-09-21 12:50:07,521 - django.utils.autoreload - INFO - C:\Users\Alexander\Desktop\bsuir\IGI\253505_Stanishewski_21\STRWEB\LR1\mysite\cleaningsite\main\forms.py changed, reloading.
2024-09-21 12:50:12,289 - django.utils.autoreload - INFO - C:\Users\Alexander\Desktop\bsuir\IGI\253505_Stanishewski_21\STRWEB\LR1\mysite\cleaningsite\main\forms.py changed, reloading.
2024-09-21 12:50:20,802 - django.utils.autoreload - INFO - C:\Users\Alexander\Desktop\bsuir\IGI\253505_Stanishewski_21\STRWEB\LR1\mysite\cleaningsite\main\forms.py changed, reloading.
2024-09-21 13:06:49,907 - django.utils.autoreload - INFO - C:\Users\Alexander\Desktop\bsuir\IGI\253505_Stanishewski_21\STRWEB\LR1\mysite\cleaningsite\main\forms.py changed, reloading.
2024-09-21 13:06:56,197 - django.utils.autoreload - INFO - C:\Users\Alexander\Desktop\bsuir\IGI\253505_Stanishewski_21\STRWEB\LR1\mysite\cleaningsite\main\forms.py changed, reloading.
2024-09-21 13:07:01,732 - django.utils.autoreload - INFO - C:\Users\Alexander\Desktop\bsuir\IGI\253505_Stanishewski_21\STRWEB\LR1\mysite\cleaningsite\main\forms.py changed, reloading.
2024-09-21 13:07:10,660 - django.utils.autoreload - INFO - C:\Users\Alexander\Desktop\bsuir\IGI\253505_Stanishewski_21\STRWEB\LR1\mysite\cleaningsite\main\forms.py changed, reloading.
2024-09-21 13:07:24,153 - django.utils.autoreload - INFO - C:\Users\Alexander\Desktop\bsuir\IGI\253505_Stanishewski_21\STRWEB\LR1\mysite\cleaningsite\main\forms.py changed, reloading.
2024-09-21 13:08:10,810 - django.utils.autoreload - INFO - C:\Users\Alexander\Desktop\bsuir\IGI\253505_Stanishewski_21\STRWEB\LR1\mysite\cleaningsite\main\forms.py changed, reloading.
2024-09-21 13:08:16,050 - django.utils.autoreload - INFO - C:\Users\Alexander\Desktop\bsuir\IGI\253505_Stanishewski_21\STRWEB\LR1\mysite\cleaningsite\main\forms.py changed, reloading.
2024-09-21 13:08:48,367 - django.utils.autoreload - INFO - C:\Users\Alexander\Desktop\bsuir\IGI\253505_Stanishewski_21\STRWEB\LR1\mysite\cleaningsite\main\forms.py changed, reloading.
2024-09-21 13:08:53,740 - django.utils.autoreload - INFO - C:\Users\Alexander\Desktop\bsuir\IGI\253505_Stanishewski_21\STRWEB\LR1\mysite\cleaningsite\main\forms.py changed, reloading.
2024-09-21 13:08:56,980 - django.utils.autoreload - INFO - C:\Users\Alexander\Desktop\bsuir\IGI\253505_Stanishewski_21\STRWEB\LR1\mysite\cleaningsite\main\forms.py changed, reloading.
2024-09-21 13:09:04,302 - django.utils.autoreload - INFO - C:\Users\Alexander\Desktop\bsuir\IGI\253505_Stanishewski_21\STRWEB\LR1\mysite\cleaningsite\main\forms.py changed, reloading.
2024-09-21 13:09:24,616 - django.utils.autoreload - INFO - C:\Users\Alexander\Desktop\bsuir\IGI\253505_Stanishewski_21\STRWEB\LR1\mysite\cleaningsite\main\forms.py changed, reloading.
2024-09-21 13:17:52,990 - django.utils.autoreload - INFO - C:\Users\Alexander\Desktop\bsuir\IGI\253505_Stanishewski_21\STRWEB\LR1\mysite\cleaningsite\main\forms.py changed, reloading.
2024-09-30 16:52:23,861 - main.views - INFO - In profile
2024-09-30 16:52:34,680 - main.views - INFO - In about us
2024-09-30 16:54:38,905 - main.views - INFO - In orders
2024-09-30 16:54:45,026 - main.views - INFO - In about us
2024-09-30 16:54:46,303 - main.views - INFO - In about us
2024-09-30 16:55:03,691 - main.views - INFO - In profile
2024-09-30 16:58:29,384 - main.views - INFO - In profile
2024-09-30 16:58:31,822 - main.views - INFO - In orders
2024-10-03 13:11:24,374 - main.views - INFO - In about us
2024-10-03 13:13:17,894 - main.views - INFO - In login
2024-10-03 13:13:30,004 - main.views - INFO - In profile
2024-10-03 13:13:30,015 - main.views - INFO - In login
2024-10-03 13:13:31,760 - main.views - INFO - In login
2024-10-03 13:14:04,372 - main.views - INFO - In profile
2024-10-03 13:14:11,932 - main.views - INFO - In login
2024-10-03 13:14:15,204 - main.views - INFO - In login
2024-10-03 13:14:50,024 - main.views - INFO - In profile
2024-10-03 14:05:16,376 - main.views - INFO - employee is looking for orders
2024-10-03 14:05:18,983 - main.views - INFO - Someone edited order
2024-10-03 14:15:51,462 - main.views - INFO - In login
2024-10-03 14:15:55,090 - main.views - INFO - In login
2024-10-03 14:29:31,378 - main.views - INFO - In profile
2024-10-06 21:06:04,861 - main.views - INFO - In cart
2024-10-06 22:35:11,737 - main.views - INFO - In login
2024-10-06 22:38:06,904 - main.views - INFO - In cart
2024-10-06 22:38:12,864 - main.views - INFO - In profile
2024-10-06 22:38:16,237 - main.views - INFO - In orders
2024-10-06 22:38:19,735 - main.views - INFO - In profile
2024-10-06 22:39:01,249 - main.views - INFO - In profile
2024-10-06 22:39:02,362 - main.views - INFO - In profile
2024-10-07 19:07:07,601 - django.request - WARNING - Not Found: /favicon.ico
2024-10-07 19:09:47,962 - django.request - WARNING - Not Found: /favicon.ico
2024-10-07 19:33:47,267 - main.views - INFO - In create
2024-10-07 20:09:40,856 - main.views - INFO - In login
2024-10-07 20:09:44,179 - main.views - INFO - In login
2024-10-07 20:09:45,646 - main.views - INFO - In register
2024-10-07 20:10:00,497 - main.views - INFO - In profile
2024-10-07 20:10:04,983 - main.views - INFO - In profile
2024-10-07 20:10:32,491 - main.views - INFO - In login
2024-10-07 20:11:18,579 - main.views - INFO - In about us
2024-10-07 20:11:34,904 - main.views - INFO - In login
2024-10-07 20:11:38,617 - main.views - INFO - In login
2024-10-07 20:15:58,341 - main.views - INFO - In login
2024-10-07 20:16:01,850 - main.views - INFO - In about us
2024-10-10 15:55:30,755 - django.request - WARNING - Not Found: /favicon.ico
2024-10-10 15:56:01,964 - django.utils.autoreload - INFO - C:\Users\Alexander\Desktop\bsuir\IGI\253505_Stanishewski_21\STRWEB\LR1\mysite\cleaningsite\main\admin.py changed, reloading.
2024-10-10 15:56:11,479 - django.utils.autoreload - INFO - C:\Users\Alexander\Desktop\bsuir\IGI\253505_Stanishewski_21\STRWEB\LR1\mysite\cleaningsite\main\admin.py changed, reloading.
2024-10-10 16:00:21,162 - main.views - INFO - In profile
2024-10-10 16:00:25,313 - main.views - INFO - In about us
2024-10-10 16:00:28,194 - main.views - INFO - In about us
2024-10-10 16:00:31,724 - main.views - INFO - In about us
2024-10-10 16:03:48,852 - main.views - INFO - In about us
2024-10-10 16:05:32,228 - main.views - INFO - In about us
2024-10-10 16:06:48,817 - main.views - INFO - In about us
2024-10-10 16:07:08,438 - main.views - INFO - In about us
2024-10-10 16:07:09,166 - main.views - INFO - In about us
2024-10-10 16:15:54,906 - main.views - INFO - In about us
2024-10-10 16:15:56,095 - main.views - INFO - In about us
2024-10-10 16:18:20,169 - main.views - INFO - In profile
2024-10-10 16:19:43,135 - main.views - INFO - In profile
2024-10-10 16:41:11,061 - main.views - INFO - In about us
2024-10-10 16:41:11,872 - main.views - INFO - In about us
2024-10-10 16:48:47,894 - main.views - INFO - In login
2024-10-10 16:48:50,586 - main.views - INFO - In login
2024-10-10 16:50:58,615 - django.request - ERROR - Internal Server Error: /reviews/
Traceback (most recent call last):
  File "C:\Users\Alexander\Desktop\bsuir\IGI\253505_Stanishewski_21\STRWEB\LR1\mysite\.venv\lib\site-packages\django\core\handlers\exception.py", line 55, in inner
    response = get_response(request)
  File "C:\Users\Alexander\Desktop\bsuir\IGI\253505_Stanishewski_21\STRWEB\LR1\mysite\.venv\lib\site-packages\django\core\handlers\base.py", line 197, in _get_response
    response = wrapped_callback(request, *callback_args, **callback_kwargs)
  File "C:\Users\Alexander\Desktop\bsuir\IGI\253505_Stanishewski_21\STRWEB\LR1\mysite\cleaningsite\main\views.py", line 640, in reviews_list
    return render(request, 'main/reviews_list.html', {'reviews': reviews, 'form': form,'is_customer':is_customer,'is_auth':is_auth})
  File "C:\Users\Alexander\Desktop\bsuir\IGI\253505_Stanishewski_21\STRWEB\LR1\mysite\.venv\lib\site-packages\django\shortcuts.py", line 25, in render
    content = loader.render_to_string(template_name, context, request, using=using)
  File "C:\Users\Alexander\Desktop\bsuir\IGI\253505_Stanishewski_21\STRWEB\LR1\mysite\.venv\lib\site-packages\django\template\loader.py", line 61, in render_to_string
    template = get_template(template_name, using=using)
  File "C:\Users\Alexander\Desktop\bsuir\IGI\253505_Stanishewski_21\STRWEB\LR1\mysite\.venv\lib\site-packages\django\template\loader.py", line 15, in get_template
    return engine.get_template(template_name)
  File "C:\Users\Alexander\Desktop\bsuir\IGI\253505_Stanishewski_21\STRWEB\LR1\mysite\.venv\lib\site-packages\django\template\backends\django.py", line 33, in get_template
    return Template(self.engine.get_template(template_name), self)
  File "C:\Users\Alexander\Desktop\bsuir\IGI\253505_Stanishewski_21\STRWEB\LR1\mysite\.venv\lib\site-packages\django\template\engine.py", line 177, in get_template
    template, origin = self.find_template(template_name)
  File "C:\Users\Alexander\Desktop\bsuir\IGI\253505_Stanishewski_21\STRWEB\LR1\mysite\.venv\lib\site-packages\django\template\engine.py", line 159, in find_template
    template = loader.get_template(name, skip=skip)
  File "C:\Users\Alexander\Desktop\bsuir\IGI\253505_Stanishewski_21\STRWEB\LR1\mysite\.venv\lib\site-packages\django\template\loaders\cached.py", line 57, in get_template
    template = super().get_template(template_name, skip)
  File "C:\Users\Alexander\Desktop\bsuir\IGI\253505_Stanishewski_21\STRWEB\LR1\mysite\.venv\lib\site-packages\django\template\loaders\base.py", line 28, in get_template
    return Template(
  File "C:\Users\Alexander\Desktop\bsuir\IGI\253505_Stanishewski_21\STRWEB\LR1\mysite\.venv\lib\site-packages\django\template\base.py", line 154, in __init__
    self.nodelist = self.compile_nodelist()
  File "C:\Users\Alexander\Desktop\bsuir\IGI\253505_Stanishewski_21\STRWEB\LR1\mysite\.venv\lib\site-packages\django\template\base.py", line 196, in compile_nodelist
    return parser.parse()
  File "C:\Users\Alexander\Desktop\bsuir\IGI\253505_Stanishewski_21\STRWEB\LR1\mysite\.venv\lib\site-packages\django\template\base.py", line 510, in parse
    raise self.error(token, e)
  File "C:\Users\Alexander\Desktop\bsuir\IGI\253505_Stanishewski_21\STRWEB\LR1\mysite\.venv\lib\site-packages\django\template\base.py", line 508, in parse
    compiled_result = compile_func(self, token)
  File "C:\Users\Alexander\Desktop\bsuir\IGI\253505_Stanishewski_21\STRWEB\LR1\mysite\.venv\lib\site-packages\django\template\loader_tags.py", line 295, in do_extends
    nodelist = parser.parse()
  File "C:\Users\Alexander\Desktop\bsuir\IGI\253505_Stanishewski_21\STRWEB\LR1\mysite\.venv\lib\site-packages\django\template\base.py", line 510, in parse
    raise self.error(token, e)
  File "C:\Users\Alexander\Desktop\bsuir\IGI\253505_Stanishewski_21\STRWEB\LR1\mysite\.venv\lib\site-packages\django\template\base.py", line 508, in parse
    compiled_result = compile_func(self, token)
  File "C:\Users\Alexander\Desktop\bsuir\IGI\253505_Stanishewski_21\STRWEB\LR1\mysite\.venv\lib\site-packages\django\template\loader_tags.py", line 234, in do_block
    nodelist = parser.parse(("endblock",))
  File "C:\Users\Alexander\Desktop\bsuir\IGI\253505_Stanishewski_21\STRWEB\LR1\mysite\.venv\lib\site-packages\django\template\base.py", line 510, in parse
    raise self.error(token, e)
  File "C:\Users\Alexander\Desktop\bsuir\IGI\253505_Stanishewski_21\STRWEB\LR1\mysite\.venv\lib\site-packages\django\template\base.py", line 508, in parse
    compiled_result = compile_func(self, token)
  File "C:\Users\Alexander\Desktop\bsuir\IGI\253505_Stanishewski_21\STRWEB\LR1\mysite\.venv\lib\site-packages\django\template\defaulttags.py", line 961, in do_if
    nodelist = parser.parse(("elif", "else", "endif"))
  File "C:\Users\Alexander\Desktop\bsuir\IGI\253505_Stanishewski_21\STRWEB\LR1\mysite\.venv\lib\site-packages\django\template\base.py", line 481, in parse
    raise self.error(token, e)
  File "C:\Users\Alexander\Desktop\bsuir\IGI\253505_Stanishewski_21\STRWEB\LR1\mysite\.venv\lib\site-packages\django\template\base.py", line 479, in parse
    filter_expression = self.compile_filter(token.contents)
  File "C:\Users\Alexander\Desktop\bsuir\IGI\253505_Stanishewski_21\STRWEB\LR1\mysite\.venv\lib\site-packages\django\template\base.py", line 597, in compile_filter
    return FilterExpression(token, self)
  File "C:\Users\Alexander\Desktop\bsuir\IGI\253505_Stanishewski_21\STRWEB\LR1\mysite\.venv\lib\site-packages\django\template\base.py", line 693, in __init__
    filter_func = parser.find_filter(filter_name)
  File "C:\Users\Alexander\Desktop\bsuir\IGI\253505_Stanishewski_21\STRWEB\LR1\mysite\.venv\lib\site-packages\django\template\base.py", line 603, in find_filter
    raise TemplateSyntaxError("Invalid filter: '%s'" % filter_name)
django.template.exceptions.TemplateSyntaxError: Invalid filter: 'add_class'
2024-10-10 16:57:19,087 - main.views - INFO - In login
2024-10-10 16:57:22,990 - main.views - INFO - In about us
2024-10-10 16:58:45,308 - django.request - ERROR - Internal Server Error: /reviews/
Traceback (most recent call last):
  File "C:\Users\Alexander\Desktop\bsuir\IGI\253505_Stanishewski_21\STRWEB\LR1\mysite\.venv\lib\site-packages\django\core\handlers\exception.py", line 55, in inner
    response = get_response(request)
  File "C:\Users\Alexander\Desktop\bsuir\IGI\253505_Stanishewski_21\STRWEB\LR1\mysite\.venv\lib\site-packages\django\core\handlers\base.py", line 197, in _get_response
    response = wrapped_callback(request, *callback_args, **callback_kwargs)
  File "C:\Users\Alexander\Desktop\bsuir\IGI\253505_Stanishewski_21\STRWEB\LR1\mysite\cleaningsite\main\views.py", line 640, in reviews_list
    return render(request, 'main/reviews_list.html', {'reviews': reviews, 'form': form,'is_customer':is_customer,'is_auth':is_auth})
  File "C:\Users\Alexander\Desktop\bsuir\IGI\253505_Stanishewski_21\STRWEB\LR1\mysite\.venv\lib\site-packages\django\shortcuts.py", line 25, in render
    content = loader.render_to_string(template_name, context, request, using=using)
  File "C:\Users\Alexander\Desktop\bsuir\IGI\253505_Stanishewski_21\STRWEB\LR1\mysite\.venv\lib\site-packages\django\template\loader.py", line 61, in render_to_string
    template = get_template(template_name, using=using)
  File "C:\Users\Alexander\Desktop\bsuir\IGI\253505_Stanishewski_21\STRWEB\LR1\mysite\.venv\lib\site-packages\django\template\loader.py", line 15, in get_template
    return engine.get_template(template_name)
  File "C:\Users\Alexander\Desktop\bsuir\IGI\253505_Stanishewski_21\STRWEB\LR1\mysite\.venv\lib\site-packages\django\template\backends\django.py", line 33, in get_template
    return Template(self.engine.get_template(template_name), self)
  File "C:\Users\Alexander\Desktop\bsuir\IGI\253505_Stanishewski_21\STRWEB\LR1\mysite\.venv\lib\site-packages\django\template\engine.py", line 177, in get_template
    template, origin = self.find_template(template_name)
  File "C:\Users\Alexander\Desktop\bsuir\IGI\253505_Stanishewski_21\STRWEB\LR1\mysite\.venv\lib\site-packages\django\template\engine.py", line 159, in find_template
    template = loader.get_template(name, skip=skip)
  File "C:\Users\Alexander\Desktop\bsuir\IGI\253505_Stanishewski_21\STRWEB\LR1\mysite\.venv\lib\site-packages\django\template\loaders\cached.py", line 57, in get_template
    template = super().get_template(template_name, skip)
  File "C:\Users\Alexander\Desktop\bsuir\IGI\253505_Stanishewski_21\STRWEB\LR1\mysite\.venv\lib\site-packages\django\template\loaders\base.py", line 28, in get_template
    return Template(
  File "C:\Users\Alexander\Desktop\bsuir\IGI\253505_Stanishewski_21\STRWEB\LR1\mysite\.venv\lib\site-packages\django\template\base.py", line 154, in __init__
    self.nodelist = self.compile_nodelist()
  File "C:\Users\Alexander\Desktop\bsuir\IGI\253505_Stanishewski_21\STRWEB\LR1\mysite\.venv\lib\site-packages\django\template\base.py", line 196, in compile_nodelist
    return parser.parse()
  File "C:\Users\Alexander\Desktop\bsuir\IGI\253505_Stanishewski_21\STRWEB\LR1\mysite\.venv\lib\site-packages\django\template\base.py", line 510, in parse
    raise self.error(token, e)
  File "C:\Users\Alexander\Desktop\bsuir\IGI\253505_Stanishewski_21\STRWEB\LR1\mysite\.venv\lib\site-packages\django\template\base.py", line 508, in parse
    compiled_result = compile_func(self, token)
  File "C:\Users\Alexander\Desktop\bsuir\IGI\253505_Stanishewski_21\STRWEB\LR1\mysite\.venv\lib\site-packages\django\template\loader_tags.py", line 295, in do_extends
    nodelist = parser.parse()
  File "C:\Users\Alexander\Desktop\bsuir\IGI\253505_Stanishewski_21\STRWEB\LR1\mysite\.venv\lib\site-packages\django\template\base.py", line 510, in parse
    raise self.error(token, e)
  File "C:\Users\Alexander\Desktop\bsuir\IGI\253505_Stanishewski_21\STRWEB\LR1\mysite\.venv\lib\site-packages\django\template\base.py", line 508, in parse
    compiled_result = compile_func(self, token)
  File "C:\Users\Alexander\Desktop\bsuir\IGI\253505_Stanishewski_21\STRWEB\LR1\mysite\.venv\lib\site-packages\django\template\loader_tags.py", line 234, in do_block
    nodelist = parser.parse(("endblock",))
  File "C:\Users\Alexander\Desktop\bsuir\IGI\253505_Stanishewski_21\STRWEB\LR1\mysite\.venv\lib\site-packages\django\template\base.py", line 510, in parse
    raise self.error(token, e)
  File "C:\Users\Alexander\Desktop\bsuir\IGI\253505_Stanishewski_21\STRWEB\LR1\mysite\.venv\lib\site-packages\django\template\base.py", line 508, in parse
    compiled_result = compile_func(self, token)
  File "C:\Users\Alexander\Desktop\bsuir\IGI\253505_Stanishewski_21\STRWEB\LR1\mysite\.venv\lib\site-packages\django\template\defaulttags.py", line 961, in do_if
    nodelist = parser.parse(("elif", "else", "endif"))
  File "C:\Users\Alexander\Desktop\bsuir\IGI\253505_Stanishewski_21\STRWEB\LR1\mysite\.venv\lib\site-packages\django\template\base.py", line 510, in parse
    raise self.error(token, e)
  File "C:\Users\Alexander\Desktop\bsuir\IGI\253505_Stanishewski_21\STRWEB\LR1\mysite\.venv\lib\site-packages\django\template\base.py", line 508, in parse
    compiled_result = compile_func(self, token)
  File "C:\Users\Alexander\Desktop\bsuir\IGI\253505_Stanishewski_21\STRWEB\LR1\mysite\.venv\lib\site-packages\django\template\defaulttags.py", line 847, in do_for
    raise TemplateSyntaxError(
django.template.exceptions.TemplateSyntaxError: 'for' statements should use the format 'for x in y': for i in range(1, 6)
2024-10-10 17:00:46,255 - main.views - INFO - In about us
2024-10-10 17:00:52,814 - main.views - INFO - In login
2024-10-10 17:03:31,242 - main.views - INFO - In login
2024-10-10 17:03:36,282 - main.views - INFO - In register
2024-10-10 17:08:52,504 - main.views - INFO - In register
2024-10-10 17:09:13,687 - main.views - INFO - In register
2024-10-10 17:09:14,510 - main.views - INFO - In register
2024-10-10 17:09:25,000 - main.views - INFO - In register
2024-10-10 17:09:35,065 - main.views - INFO - In profile
2024-10-10 17:09:36,645 - main.views - INFO - In login
2024-10-10 17:09:42,645 - main.views - INFO - In profile
2024-10-10 17:09:50,351 - main.views - INFO - In login
2024-10-10 17:09:52,523 - main.views - INFO - In login
2024-10-10 17:10:00,920 - main.views - INFO - In login
2024-10-10 17:10:09,579 - main.views - INFO - In cart
2024-10-10 18:33:32,758 - main.views - INFO - In about us
2024-10-10 18:33:59,301 - main.views - INFO - In login
2024-10-10 18:34:01,047 - main.views - INFO - In register
2024-10-10 18:38:13,150 - main.views - INFO - In about us
2024-10-10 18:40:37,132 - django.request - WARNING - Not Found: /favicon.ico
2024-10-10 18:42:53,577 - main.views - INFO - In login
2024-10-10 18:43:13,299 - main.views - INFO - In orders
2024-10-10 18:48:13,450 - main.views - INFO - In orders
2024-10-10 18:48:21,781 - main.views - INFO - In login
2024-10-10 18:48:25,954 - main.views - INFO - In login
2024-10-10 18:48:29,306 - main.views - INFO - In cart
2024-10-10 18:51:36,360 - main.views - INFO - In profile
2024-10-10 18:53:10,792 - main.views - INFO - In profile
2024-10-10 18:53:19,902 - main.views - INFO - In orders
2024-10-10 18:58:47,872 - main.views - INFO - In orders
2024-10-10 18:59:01,777 - main.views - INFO - In orders
2024-10-10 18:59:12,755 - main.views - INFO - In employee profile
2024-10-10 19:00:03,010 - main.views - INFO - In orders
2024-10-10 19:00:05,985 - main.views - INFO - In orders
2024-10-10 19:00:34,798 - main.views - INFO - In orders
2024-10-10 19:00:42,755 - main.views - INFO - In orders
2024-10-10 19:03:27,691 - main.views - INFO - In orders
2024-10-10 19:03:29,538 - main.views - INFO - In employee profile
2024-10-10 19:03:32,147 - main.views - INFO - In login
2024-10-10 19:03:35,015 - main.views - INFO - In login
2024-10-10 19:03:40,330 - main.views - INFO - In profile
2024-10-10 19:03:48,724 - main.views - INFO - In user edit
2024-10-10 19:03:58,473 - django.request - WARNING - Not Found: /update_employee/1
2024-10-10 19:04:19,642 - django.request - WARNING - Not Found: /employee1/
2024-10-10 19:04:31,827 - django.request - WARNING - Not Found: /accounts/login/
2024-10-10 19:05:02,966 - main.views - INFO - In profile
2024-10-10 19:05:05,050 - main.views - INFO - In user edit
2024-10-10 19:05:15,193 - main.views - INFO - In login
2024-10-10 19:05:18,241 - main.views - INFO - In login
2024-10-10 19:05:25,668 - main.views - INFO - In managment
2024-10-10 19:05:26,727 - main.views - INFO - In employee profile
2024-10-10 19:09:34,015 - main.views - INFO - In managment
2024-10-10 19:09:39,222 - main.views - INFO - In employee profile
2024-10-10 19:09:58,922 - main.views - INFO - In employee profile
2024-10-10 19:10:02,630 - main.views - INFO - In employee profile
2024-10-10 19:10:05,623 - main.views - INFO - In employee profile
2024-10-10 19:10:12,140 - main.views - INFO - In employee profile
2024-10-10 19:10:15,567 - main.views - INFO - In employee profile
2024-10-10 19:10:38,246 - main.views - INFO - In employee profile
2024-10-10 19:10:50,533 - main.views - INFO - In employee profile
2024-10-10 19:11:28,355 - main.views - INFO - In employee profile
2024-10-10 19:13:40,045 - main.views - INFO - In managment
2024-10-10 19:13:40,790 - main.views - INFO - In employee profile
2024-10-10 19:13:49,443 - main.views - INFO - In employee profile
2024-10-10 19:15:46,440 - main.views - INFO - In profile
2024-10-10 19:15:48,769 - main.views - INFO - In login
2024-10-10 19:15:52,596 - main.views - INFO - In login
2024-10-10 19:15:56,104 - main.views - INFO - In profile
2024-10-10 19:18:14,457 - main.views - INFO - In orders
2024-10-10 19:18:21,184 - main.views - INFO - In profile
2024-10-10 19:18:28,888 - main.views - INFO - In profile
2024-10-10 19:18:32,446 - main.views - INFO - In login
2024-10-10 19:18:34,551 - main.views - INFO - In login
2024-10-10 19:18:40,174 - main.views - INFO - In managment
2024-10-10 19:18:41,041 - main.views - INFO - In employee profile
2024-10-10 19:18:47,347 - main.views - INFO - In orders
2024-10-10 19:18:49,882 - main.views - INFO - In orders
2024-10-10 19:19:04,604 - main.views - INFO - In profile
2024-10-10 19:19:15,030 - main.views - INFO - In orders
2024-10-10 19:19:21,627 - main.views - INFO - In profile
2024-10-10 19:19:31,014 - main.views - INFO - In employee profile
2024-10-10 19:19:43,644 - main.views - INFO - In login
2024-10-10 19:19:46,113 - main.views - INFO - In login
2024-10-10 19:19:49,181 - main.views - INFO - In profile
2024-10-10 19:21:26,257 - main.views - INFO - In employee profile
2024-10-10 19:22:17,329 - main.views - INFO - employee is looking for orders
2024-10-10 19:23:40,710 - main.views - INFO - In about us
2024-10-10 19:23:49,301 - main.views - INFO - employee is looking for orders
2024-10-10 19:23:56,119 - main.views - INFO - In login
2024-10-10 19:23:58,636 - main.views - INFO - In login
2024-10-10 19:24:07,259 - main.views - INFO - In managment
2024-10-10 19:24:08,084 - main.views - INFO - In employee profile
2024-10-10 19:28:45,836 - main.views - INFO - In employee profile
2024-10-10 19:29:19,857 - main.views - INFO - In employee profile
2024-10-10 19:29:46,006 - main.views - INFO - In employee profile
2024-10-10 19:29:58,129 - main.views - INFO - In profile
2024-10-10 19:30:00,361 - main.views - INFO - In profile
2024-10-10 19:30:02,153 - main.views - INFO - In login
2024-10-10 19:30:05,306 - main.views - INFO - In login
2024-10-10 19:30:06,648 - main.views - INFO - In profile
2024-10-10 19:32:29,032 - main.views - INFO - employee is looking for orders
2024-10-10 19:32:38,509 - main.views - INFO - In about us
2024-10-10 19:32:51,603 - main.views - INFO - In login
2024-10-10 19:32:53,338 - main.views - INFO - In register
2024-10-10 19:33:00,757 - main.views - INFO - In login
2024-10-10 19:33:05,529 - main.views - INFO - employee is looking for orders
2024-10-10 19:33:09,021 - main.views - INFO - In login
2024-10-10 19:33:11,747 - main.views - INFO - In profile
2024-10-10 19:33:22,217 - main.views - INFO - In login
2024-10-10 19:33:25,115 - main.views - INFO - In login
2024-10-10 19:33:32,177 - main.views - INFO - In managment
2024-10-10 19:33:33,843 - main.views - INFO - In employee profile
2024-10-11 15:30:48,186 - main.views - INFO - In profile
2024-10-11 15:58:18,680 - django.request - WARNING - Not Found: /favicon.ico
2024-10-11 16:12:43,244 - main.views - INFO - In about us
2024-10-11 16:24:27,264 - main.views - INFO - In about us
2024-10-11 16:39:57,053 - main.views - INFO - In about us
2024-10-11 16:46:32,256 - main.views - INFO - In about us
2024-10-11 16:46:47,830 - main.views - INFO - In orders
2024-10-11 16:46:59,139 - main.views - INFO - In orders
2024-10-11 16:47:00,900 - main.views - INFO - In orders
2024-10-11 16:47:02,582 - main.views - INFO - In orders
2024-10-11 16:47:08,731 - main.views - INFO - In orders
2024-10-11 16:47:30,124 - main.views - INFO - In orders
2024-10-11 16:47:32,426 - main.views - INFO - In orders
2024-10-11 16:47:34,883 - main.views - INFO - In orders
2024-10-11 16:47:37,373 - main.views - INFO - In orders
2024-10-11 16:47:43,106 - main.views - INFO - In about us
2024-10-11 16:49:37,970 - django.utils.autoreload - INFO - C:\Users\Alexander\Desktop\bsuir\IGI\253505_Stanishewski_21\STRWEB\LR1\mysite\cleaningsite\main\forms.py changed, reloading.
2024-10-11 16:56:31,059 - main.views - INFO - In login
2024-10-11 16:56:34,148 - main.views - INFO - In login
2024-10-11 16:56:36,865 - main.views - INFO - In profile
2024-10-11 16:56:38,193 - main.views - INFO - In user edit
2024-10-11 16:57:14,243 - main.views - INFO - In login
2024-10-11 16:57:17,281 - main.views - INFO - In login
2024-10-11 16:57:18,598 - main.views - INFO - In profile
2024-10-11 16:57:20,059 - main.views - INFO - In user edit
2024-10-11 17:02:37,349 - main.views - INFO - In profile
2024-10-11 17:02:38,458 - main.views - INFO - In user edit
2024-10-11 17:03:00,022 - main.views - INFO - In user edit
2024-10-11 17:03:00,856 - main.views - INFO - In user edit
2024-10-11 17:03:02,691 - main.views - INFO - In user edit
2024-10-11 17:03:03,205 - main.views - INFO - In user edit
2024-10-11 17:03:03,830 - main.views - INFO - In user edit
2024-10-11 17:03:05,536 - main.views - INFO - In user edit
2024-10-11 17:03:05,707 - main.views - INFO - In user edit
2024-10-11 17:03:05,895 - main.views - INFO - In user edit
2024-10-11 17:03:06,039 - main.views - INFO - In user edit
2024-10-11 17:03:17,140 - main.views - INFO - In user edit
2024-10-11 17:03:18,370 - main.views - INFO - In profile
2024-10-11 17:03:20,754 - main.views - INFO - In login
2024-10-11 17:03:24,068 - main.views - INFO - In login
2024-10-11 17:03:25,681 - main.views - INFO - In profile
2024-10-11 17:03:27,381 - main.views - INFO - In user edit
2024-10-11 17:03:31,627 - main.views - INFO - In profile
2024-10-11 17:03:49,238 - main.views - INFO - In login
2024-10-11 17:03:52,491 - main.views - INFO - In login
2024-10-11 17:03:53,915 - main.views - INFO - In profile
2024-10-11 17:04:15,718 - main.views - INFO - In login
2024-10-11 17:04:19,950 - main.views - INFO - In login
2024-10-11 17:04:25,771 - main.views - INFO - In managment
2024-10-11 17:07:05,353 - main.views - INFO - In employee profile
2024-10-11 17:09:09,736 - main.views - INFO - In login
2024-10-11 17:09:14,385 - main.views - INFO - In login
2024-10-11 17:09:16,420 - main.views - INFO - employee is looking for orders
2024-10-11 17:10:42,649 - main.views - INFO - employee is looking for orders
2024-10-11 17:11:38,598 - main.views - INFO - employee is looking for orders
2024-10-11 17:11:40,264 - main.views - INFO - employee is looking for orders
2024-10-11 17:11:40,864 - main.views - INFO - employee is looking for orders
2024-10-11 17:11:41,045 - main.views - INFO - employee is looking for orders
2024-10-11 17:11:41,442 - main.views - INFO - employee is looking for orders
2024-10-11 17:11:58,739 - main.views - INFO - employee is looking for orders
2024-10-11 17:11:59,095 - main.views - INFO - employee is looking for orders
2024-10-11 17:11:59,670 - main.views - INFO - employee is looking for orders
2024-10-11 17:13:02,670 - main.views - INFO - employee is looking for orders
2024-10-11 17:13:08,368 - main.views - INFO - In login
2024-10-11 17:16:32,614 - main.views - INFO - In profile
2024-10-11 17:16:34,734 - main.views - INFO - employee is looking for orders
2024-10-11 17:16:36,463 - main.views - INFO - Someone edited order
2024-10-11 17:16:53,465 - main.views - INFO - Someone edited order
2024-10-11 17:16:54,433 - main.views - INFO - Someone edited order
2024-10-11 17:17:32,900 - main.views - INFO - Someone edited order
2024-10-11 17:17:33,338 - main.views - INFO - Someone edited order
2024-10-11 17:17:33,777 - main.views - INFO - Someone edited order
2024-10-11 17:17:34,033 - main.views - INFO - Someone edited order
2024-10-11 17:17:34,188 - main.views - INFO - Someone edited order
2024-10-11 17:17:34,345 - main.views - INFO - Someone edited order
2024-10-11 17:17:34,512 - main.views - INFO - Someone edited order
2024-10-11 17:17:34,657 - main.views - INFO - Someone edited order
2024-10-11 17:17:34,814 - main.views - INFO - Someone edited order
2024-10-11 17:17:34,959 - main.views - INFO - Someone edited order
2024-10-11 17:17:35,096 - main.views - INFO - Someone edited order
2024-10-11 17:18:10,035 - main.views - INFO - Someone edited order
2024-10-11 17:18:15,832 - main.views - INFO - Someone edited order
2024-10-11 17:18:17,396 - main.views - INFO - Someone edited order
2024-10-11 17:18:17,578 - main.views - INFO - Someone edited order
2024-10-11 17:18:17,766 - main.views - INFO - Someone edited order
2024-10-11 17:18:17,929 - main.views - INFO - Someone edited order
2024-10-11 17:18:36,619 - main.views - INFO - Someone edited order
2024-10-11 17:18:37,049 - main.views - INFO - Someone edited order
2024-10-11 17:18:37,442 - main.views - INFO - Someone edited order
2024-10-11 17:18:37,694 - main.views - INFO - Someone edited order
2024-10-11 17:18:37,885 - main.views - INFO - Someone edited order
2024-10-11 17:20:05,171 - main.views - INFO - Someone edited order
2024-10-11 17:20:05,317 - main.views - INFO - Someone edited order
2024-10-11 17:20:05,461 - main.views - INFO - Someone edited order
2024-10-11 17:20:05,592 - main.views - INFO - Someone edited order
2024-10-11 17:20:05,744 - main.views - INFO - Someone edited order
2024-10-11 17:20:05,879 - main.views - INFO - Someone edited order
2024-10-11 17:20:06,019 - main.views - INFO - Someone edited order
2024-10-11 17:20:06,770 - main.views - INFO - Someone edited order
2024-10-11 17:20:21,340 - django.request - WARNING - Not Found: /accounts/login/
2024-10-11 17:20:21,512 - django.request - WARNING - Not Found: /favicon.ico
2024-10-11 17:20:37,162 - main.views - INFO - In login
2024-10-11 17:20:44,042 - main.views - INFO - In login
2024-10-11 17:20:47,612 - main.views - INFO - In orders
2024-10-11 17:21:29,138 - main.views - INFO - employee is looking for orders
2024-10-11 17:21:30,597 - main.views - INFO - Someone edited order
2024-10-11 17:21:52,671 - main.views - INFO - Someone edited order
2024-10-11 17:23:39,573 - main.views - INFO - Someone edited order
2024-10-11 17:23:40,258 - main.views - INFO - Someone edited order
2024-10-11 17:23:40,665 - main.views - INFO - Someone edited order
2024-10-11 17:23:40,866 - main.views - INFO - Someone edited order
2024-10-11 17:23:41,062 - main.views - INFO - Someone edited order
2024-10-11 17:23:41,248 - main.views - INFO - Someone edited order
2024-10-11 17:24:16,344 - main.views - INFO - Someone edited order
2024-10-11 17:24:35,108 - main.views - INFO - employee is looking for orders
2024-10-11 17:24:41,177 - main.views - INFO - In profile
2024-10-11 17:24:44,881 - main.views - INFO - In login
2024-10-11 17:24:47,220 - main.views - INFO - In login
2024-10-11 17:24:50,869 - main.views - INFO - In orders
2024-10-11 17:24:52,483 - main.views - INFO - In orders
2024-10-11 17:26:40,559 - main.views - INFO - In orders
2024-10-11 17:26:44,199 - main.views - INFO - In employee profile
2024-10-11 17:26:47,788 - main.views - INFO - In orders
2024-10-11 17:26:51,125 - main.views - INFO - In login
2024-10-11 17:26:53,740 - main.views - INFO - In login
2024-10-11 17:26:59,196 - main.views - INFO - employee is looking for orders
2024-10-11 17:27:00,893 - main.views - INFO - Someone edited order
2024-10-11 17:32:43,287 - main.views - INFO - In login
2024-10-11 17:32:46,274 - main.views - INFO - In login
2024-10-11 17:32:51,012 - main.views - INFO - In managment
2024-10-11 17:33:01,352 - main.views - INFO - In orders
2024-10-11 17:33:02,639 - main.views - INFO - In orders
2024-10-11 17:37:00,342 - main.views - INFO - In login
2024-10-11 17:37:01,156 - main.views - INFO - In login
2024-10-11 17:37:28,042 - main.views - INFO - In create
2024-10-11 17:41:08,508 - main.views - INFO - In profile
2024-10-11 17:47:22,351 - main.views - INFO - In about us
2024-10-11 17:47:23,202 - main.views - INFO - In about us
2024-10-11 17:47:28,814 - main.views - INFO - In login
2024-10-11 17:56:10,104 - main.views - INFO - In managment
2024-10-11 17:57:28,267 - main.views - INFO - In managment
2024-10-11 17:57:44,985 - main.views - INFO - In employee profile
2024-10-11 17:58:28,421 - main.views - INFO - In managment
2024-10-11 17:59:18,618 - main.views - INFO - In managment
2024-10-11 17:59:37,416 - main.views - INFO - In managment
2024-10-11 17:59:38,343 - main.views - INFO - In managment
2024-10-11 18:00:03,639 - main.views - INFO - In managment
2024-10-11 18:00:10,137 - main.views - INFO - In managment
2024-10-11 18:00:13,565 - main.views - INFO - In employee profile
2024-10-11 18:01:08,013 - main.views - INFO - In managment
2024-10-11 18:01:34,219 - main.views - INFO - In employee profile
2024-10-11 18:02:37,444 - django.utils.autoreload - INFO - C:\Users\Alexander\Desktop\bsuir\IGI\253505_Stanishewski_21\STRWEB\LR1\mysite\cleaningsite\main\forms.py changed, reloading.
2024-10-11 18:02:43,617 - django.utils.autoreload - INFO - C:\Users\Alexander\Desktop\bsuir\IGI\253505_Stanishewski_21\STRWEB\LR1\mysite\cleaningsite\main\forms.py changed, reloading.
2024-10-11 18:02:57,544 - django.utils.autoreload - INFO - C:\Users\Alexander\Desktop\bsuir\IGI\253505_Stanishewski_21\STRWEB\LR1\mysite\cleaningsite\main\forms.py changed, reloading.
2024-10-11 18:04:27,651 - main.views - INFO - In create
2024-10-11 18:08:03,670 - main.views - INFO - In create
2024-10-11 18:12:00,404 - main.views - INFO - In create
2024-10-11 18:12:19,250 - main.views - INFO - In create
2024-10-11 18:14:22,654 - main.views - INFO - In create
2024-10-11 18:15:59,324 - main.views - INFO - In create
2024-10-11 18:17:40,464 - main.views - INFO - In about us
2024-10-11 18:17:44,554 - main.views - INFO - In login
2024-10-11 18:17:47,914 - main.views - INFO - In login
2024-10-11 18:17:56,850 - main.views - INFO - In login
2024-10-11 18:17:58,692 - main.views - INFO - In profile
2024-10-11 18:18:00,412 - main.views - INFO - In profile
2024-10-11 18:18:02,055 - main.views - INFO - In profile
2024-10-11 18:18:02,070 - main.views - INFO - In login
2024-10-11 18:18:16,935 - main.views - INFO - In login
2024-10-11 18:18:32,350 - main.views - INFO - In profile
2024-10-11 18:18:32,361 - main.views - INFO - In login
2024-10-11 18:18:35,843 - main.views - INFO - In login
2024-10-11 18:18:43,783 - main.views - INFO - In profile
2024-10-11 18:18:45,837 - main.views - INFO - In user edit
2024-10-11 18:18:48,408 - main.views - INFO - In orders
2024-10-11 18:19:00,939 - main.views - INFO - In login
2024-10-11 18:19:02,956 - main.views - INFO - In login
2024-10-11 18:19:07,447 - main.views - INFO - In create
2024-10-11 18:19:11,966 - main.views - INFO - In create
2024-10-11 18:19:48,860 - main.views - INFO - In about us
2024-10-11 18:19:53,533 - main.views - INFO - In profile
2024-10-12 21:59:45,132 - main.views - INFO - In about us
2024-10-12 22:00:18,675 - main.views - INFO - In about us
2024-10-12 22:00:19,044 - django.request - WARNING - Not Found: /stamp.png
2024-10-12 22:00:19,050 - django.request - WARNING - Not Found: /signature.png
2024-10-12 22:01:18,510 - main.views - INFO - In about us
2024-10-12 22:01:18,579 - django.request - WARNING - Not Found: /signature.png
2024-10-12 22:01:18,583 - django.request - WARNING - Not Found: /stamp.png
2024-10-12 22:01:57,381 - main.views - INFO - In about us
2024-10-12 22:01:57,437 - django.request - WARNING - Not Found: /signature.png
2024-10-12 22:01:57,441 - django.request - WARNING - Not Found: /stamp.png
2024-10-12 22:03:21,387 - main.views - INFO - In about us
2024-10-12 22:03:21,450 - django.request - WARNING - Not Found: /signature.png
2024-10-12 22:03:21,455 - django.request - WARNING - Not Found: /stamp.png
2024-10-12 22:06:34,978 - main.views - INFO - In about us
2024-10-12 22:06:35,779 - django.request - ERROR - Internal Server Error: /about
Traceback (most recent call last):
  File "C:\Users\Alexander\Desktop\bsuir\IGI\253505_Stanishewski_21\STRWEB\LR1\mysite\.venv\lib\site-packages\django\template\base.py", line 502, in parse
    compile_func = self.tags[command]
KeyError: 'static'

During handling of the above exception, another exception occurred:

Traceback (most recent call last):
  File "C:\Users\Alexander\Desktop\bsuir\IGI\253505_Stanishewski_21\STRWEB\LR1\mysite\.venv\lib\site-packages\django\core\handlers\exception.py", line 55, in inner
    response = get_response(request)
  File "C:\Users\Alexander\Desktop\bsuir\IGI\253505_Stanishewski_21\STRWEB\LR1\mysite\.venv\lib\site-packages\django\core\handlers\base.py", line 197, in _get_response
    response = wrapped_callback(request, *callback_args, **callback_kwargs)
  File "C:\Users\Alexander\Desktop\bsuir\IGI\253505_Stanishewski_21\STRWEB\LR1\mysite\cleaningsite\main\views.py", line 136, in about
    return render(request,"main/about.html",{'information':inforamation})
  File "C:\Users\Alexander\Desktop\bsuir\IGI\253505_Stanishewski_21\STRWEB\LR1\mysite\.venv\lib\site-packages\django\shortcuts.py", line 25, in render
    content = loader.render_to_string(template_name, context, request, using=using)
  File "C:\Users\Alexander\Desktop\bsuir\IGI\253505_Stanishewski_21\STRWEB\LR1\mysite\.venv\lib\site-packages\django\template\loader.py", line 61, in render_to_string
    template = get_template(template_name, using=using)
  File "C:\Users\Alexander\Desktop\bsuir\IGI\253505_Stanishewski_21\STRWEB\LR1\mysite\.venv\lib\site-packages\django\template\loader.py", line 15, in get_template
    return engine.get_template(template_name)
  File "C:\Users\Alexander\Desktop\bsuir\IGI\253505_Stanishewski_21\STRWEB\LR1\mysite\.venv\lib\site-packages\django\template\backends\django.py", line 33, in get_template
    return Template(self.engine.get_template(template_name), self)
  File "C:\Users\Alexander\Desktop\bsuir\IGI\253505_Stanishewski_21\STRWEB\LR1\mysite\.venv\lib\site-packages\django\template\engine.py", line 177, in get_template
    template, origin = self.find_template(template_name)
  File "C:\Users\Alexander\Desktop\bsuir\IGI\253505_Stanishewski_21\STRWEB\LR1\mysite\.venv\lib\site-packages\django\template\engine.py", line 159, in find_template
    template = loader.get_template(name, skip=skip)
  File "C:\Users\Alexander\Desktop\bsuir\IGI\253505_Stanishewski_21\STRWEB\LR1\mysite\.venv\lib\site-packages\django\template\loaders\cached.py", line 57, in get_template
    template = super().get_template(template_name, skip)
  File "C:\Users\Alexander\Desktop\bsuir\IGI\253505_Stanishewski_21\STRWEB\LR1\mysite\.venv\lib\site-packages\django\template\loaders\base.py", line 28, in get_template
    return Template(
  File "C:\Users\Alexander\Desktop\bsuir\IGI\253505_Stanishewski_21\STRWEB\LR1\mysite\.venv\lib\site-packages\django\template\base.py", line 154, in __init__
    self.nodelist = self.compile_nodelist()
  File "C:\Users\Alexander\Desktop\bsuir\IGI\253505_Stanishewski_21\STRWEB\LR1\mysite\.venv\lib\site-packages\django\template\base.py", line 196, in compile_nodelist
    return parser.parse()
  File "C:\Users\Alexander\Desktop\bsuir\IGI\253505_Stanishewski_21\STRWEB\LR1\mysite\.venv\lib\site-packages\django\template\base.py", line 510, in parse
    raise self.error(token, e)
  File "C:\Users\Alexander\Desktop\bsuir\IGI\253505_Stanishewski_21\STRWEB\LR1\mysite\.venv\lib\site-packages\django\template\base.py", line 508, in parse
    compiled_result = compile_func(self, token)
  File "C:\Users\Alexander\Desktop\bsuir\IGI\253505_Stanishewski_21\STRWEB\LR1\mysite\.venv\lib\site-packages\django\template\loader_tags.py", line 295, in do_extends
    nodelist = parser.parse()
  File "C:\Users\Alexander\Desktop\bsuir\IGI\253505_Stanishewski_21\STRWEB\LR1\mysite\.venv\lib\site-packages\django\template\base.py", line 510, in parse
    raise self.error(token, e)
  File "C:\Users\Alexander\Desktop\bsuir\IGI\253505_Stanishewski_21\STRWEB\LR1\mysite\.venv\lib\site-packages\django\template\base.py", line 508, in parse
    compiled_result = compile_func(self, token)
  File "C:\Users\Alexander\Desktop\bsuir\IGI\253505_Stanishewski_21\STRWEB\LR1\mysite\.venv\lib\site-packages\django\template\loader_tags.py", line 234, in do_block
    nodelist = parser.parse(("endblock",))
  File "C:\Users\Alexander\Desktop\bsuir\IGI\253505_Stanishewski_21\STRWEB\LR1\mysite\.venv\lib\site-packages\django\template\base.py", line 504, in parse
    self.invalid_block_tag(token, command, parse_until)
  File "C:\Users\Alexander\Desktop\bsuir\IGI\253505_Stanishewski_21\STRWEB\LR1\mysite\.venv\lib\site-packages\django\template\base.py", line 555, in invalid_block_tag
    raise self.error(
django.template.exceptions.TemplateSyntaxError: Invalid block tag on line 64: 'static', expected 'endblock'. Did you forget to register or load this tag?
2024-10-12 22:06:36,077 - django.request - WARNING - Not Found: /favicon.ico
2024-10-12 22:07:12,545 - main.views - INFO - In about us
2024-10-12 22:07:12,601 - django.request - ERROR - Internal Server Error: /about
Traceback (most recent call last):
  File "C:\Users\Alexander\Desktop\bsuir\IGI\253505_Stanishewski_21\STRWEB\LR1\mysite\.venv\lib\site-packages\django\core\handlers\exception.py", line 55, in inner
    response = get_response(request)
  File "C:\Users\Alexander\Desktop\bsuir\IGI\253505_Stanishewski_21\STRWEB\LR1\mysite\.venv\lib\site-packages\django\core\handlers\base.py", line 197, in _get_response
    response = wrapped_callback(request, *callback_args, **callback_kwargs)
  File "C:\Users\Alexander\Desktop\bsuir\IGI\253505_Stanishewski_21\STRWEB\LR1\mysite\cleaningsite\main\views.py", line 136, in about
    return render(request,"main/about.html",{'information':inforamation})
  File "C:\Users\Alexander\Desktop\bsuir\IGI\253505_Stanishewski_21\STRWEB\LR1\mysite\.venv\lib\site-packages\django\shortcuts.py", line 25, in render
    content = loader.render_to_string(template_name, context, request, using=using)
  File "C:\Users\Alexander\Desktop\bsuir\IGI\253505_Stanishewski_21\STRWEB\LR1\mysite\.venv\lib\site-packages\django\template\loader.py", line 61, in render_to_string
    template = get_template(template_name, using=using)
  File "C:\Users\Alexander\Desktop\bsuir\IGI\253505_Stanishewski_21\STRWEB\LR1\mysite\.venv\lib\site-packages\django\template\loader.py", line 15, in get_template
    return engine.get_template(template_name)
  File "C:\Users\Alexander\Desktop\bsuir\IGI\253505_Stanishewski_21\STRWEB\LR1\mysite\.venv\lib\site-packages\django\template\backends\django.py", line 33, in get_template
    return Template(self.engine.get_template(template_name), self)
  File "C:\Users\Alexander\Desktop\bsuir\IGI\253505_Stanishewski_21\STRWEB\LR1\mysite\.venv\lib\site-packages\django\template\engine.py", line 177, in get_template
    template, origin = self.find_template(template_name)
  File "C:\Users\Alexander\Desktop\bsuir\IGI\253505_Stanishewski_21\STRWEB\LR1\mysite\.venv\lib\site-packages\django\template\engine.py", line 159, in find_template
    template = loader.get_template(name, skip=skip)
  File "C:\Users\Alexander\Desktop\bsuir\IGI\253505_Stanishewski_21\STRWEB\LR1\mysite\.venv\lib\site-packages\django\template\loaders\cached.py", line 57, in get_template
    template = super().get_template(template_name, skip)
  File "C:\Users\Alexander\Desktop\bsuir\IGI\253505_Stanishewski_21\STRWEB\LR1\mysite\.venv\lib\site-packages\django\template\loaders\base.py", line 28, in get_template
    return Template(
  File "C:\Users\Alexander\Desktop\bsuir\IGI\253505_Stanishewski_21\STRWEB\LR1\mysite\.venv\lib\site-packages\django\template\base.py", line 154, in __init__
    self.nodelist = self.compile_nodelist()
  File "C:\Users\Alexander\Desktop\bsuir\IGI\253505_Stanishewski_21\STRWEB\LR1\mysite\.venv\lib\site-packages\django\template\base.py", line 196, in compile_nodelist
    return parser.parse()
  File "C:\Users\Alexander\Desktop\bsuir\IGI\253505_Stanishewski_21\STRWEB\LR1\mysite\.venv\lib\site-packages\django\template\base.py", line 511, in parse
    self.extend_nodelist(nodelist, compiled_result, token)
  File "C:\Users\Alexander\Desktop\bsuir\IGI\253505_Stanishewski_21\STRWEB\LR1\mysite\.venv\lib\site-packages\django\template\base.py", line 528, in extend_nodelist
    raise self.error(
django.template.exceptions.TemplateSyntaxError: <ExtendsNode: extends 'main/base.html'> must be the first tag in the template.
2024-10-12 22:07:15,160 - main.views - INFO - In about us
2024-10-12 22:07:15,202 - django.request - ERROR - Internal Server Error: /about
Traceback (most recent call last):
  File "C:\Users\Alexander\Desktop\bsuir\IGI\253505_Stanishewski_21\STRWEB\LR1\mysite\.venv\lib\site-packages\django\core\handlers\exception.py", line 55, in inner
    response = get_response(request)
  File "C:\Users\Alexander\Desktop\bsuir\IGI\253505_Stanishewski_21\STRWEB\LR1\mysite\.venv\lib\site-packages\django\core\handlers\base.py", line 197, in _get_response
    response = wrapped_callback(request, *callback_args, **callback_kwargs)
  File "C:\Users\Alexander\Desktop\bsuir\IGI\253505_Stanishewski_21\STRWEB\LR1\mysite\cleaningsite\main\views.py", line 136, in about
    return render(request,"main/about.html",{'information':inforamation})
  File "C:\Users\Alexander\Desktop\bsuir\IGI\253505_Stanishewski_21\STRWEB\LR1\mysite\.venv\lib\site-packages\django\shortcuts.py", line 25, in render
    content = loader.render_to_string(template_name, context, request, using=using)
  File "C:\Users\Alexander\Desktop\bsuir\IGI\253505_Stanishewski_21\STRWEB\LR1\mysite\.venv\lib\site-packages\django\template\loader.py", line 61, in render_to_string
    template = get_template(template_name, using=using)
  File "C:\Users\Alexander\Desktop\bsuir\IGI\253505_Stanishewski_21\STRWEB\LR1\mysite\.venv\lib\site-packages\django\template\loader.py", line 15, in get_template
    return engine.get_template(template_name)
  File "C:\Users\Alexander\Desktop\bsuir\IGI\253505_Stanishewski_21\STRWEB\LR1\mysite\.venv\lib\site-packages\django\template\backends\django.py", line 33, in get_template
    return Template(self.engine.get_template(template_name), self)
  File "C:\Users\Alexander\Desktop\bsuir\IGI\253505_Stanishewski_21\STRWEB\LR1\mysite\.venv\lib\site-packages\django\template\engine.py", line 177, in get_template
    template, origin = self.find_template(template_name)
  File "C:\Users\Alexander\Desktop\bsuir\IGI\253505_Stanishewski_21\STRWEB\LR1\mysite\.venv\lib\site-packages\django\template\engine.py", line 159, in find_template
    template = loader.get_template(name, skip=skip)
  File "C:\Users\Alexander\Desktop\bsuir\IGI\253505_Stanishewski_21\STRWEB\LR1\mysite\.venv\lib\site-packages\django\template\loaders\cached.py", line 57, in get_template
    template = super().get_template(template_name, skip)
  File "C:\Users\Alexander\Desktop\bsuir\IGI\253505_Stanishewski_21\STRWEB\LR1\mysite\.venv\lib\site-packages\django\template\loaders\base.py", line 28, in get_template
    return Template(
  File "C:\Users\Alexander\Desktop\bsuir\IGI\253505_Stanishewski_21\STRWEB\LR1\mysite\.venv\lib\site-packages\django\template\base.py", line 154, in __init__
    self.nodelist = self.compile_nodelist()
  File "C:\Users\Alexander\Desktop\bsuir\IGI\253505_Stanishewski_21\STRWEB\LR1\mysite\.venv\lib\site-packages\django\template\base.py", line 196, in compile_nodelist
    return parser.parse()
  File "C:\Users\Alexander\Desktop\bsuir\IGI\253505_Stanishewski_21\STRWEB\LR1\mysite\.venv\lib\site-packages\django\template\base.py", line 511, in parse
    self.extend_nodelist(nodelist, compiled_result, token)
  File "C:\Users\Alexander\Desktop\bsuir\IGI\253505_Stanishewski_21\STRWEB\LR1\mysite\.venv\lib\site-packages\django\template\base.py", line 528, in extend_nodelist
    raise self.error(
django.template.exceptions.TemplateSyntaxError: <ExtendsNode: extends 'main/base.html'> must be the first tag in the template.
2024-10-12 22:07:25,469 - main.views - INFO - In about us
2024-10-12 22:09:31,826 - main.views - INFO - In about us
2024-10-12 22:09:32,007 - django.request - ERROR - Internal Server Error: /about
Traceback (most recent call last):
  File "C:\Users\Alexander\Desktop\bsuir\IGI\253505_Stanishewski_21\STRWEB\LR1\mysite\.venv\lib\site-packages\django\core\handlers\exception.py", line 55, in inner
    response = get_response(request)
  File "C:\Users\Alexander\Desktop\bsuir\IGI\253505_Stanishewski_21\STRWEB\LR1\mysite\.venv\lib\site-packages\django\core\handlers\base.py", line 197, in _get_response
    response = wrapped_callback(request, *callback_args, **callback_kwargs)
  File "C:\Users\Alexander\Desktop\bsuir\IGI\253505_Stanishewski_21\STRWEB\LR1\mysite\cleaningsite\main\views.py", line 136, in about
    return render(request,"main/about.html",{'information':inforamation})
  File "C:\Users\Alexander\Desktop\bsuir\IGI\253505_Stanishewski_21\STRWEB\LR1\mysite\.venv\lib\site-packages\django\shortcuts.py", line 25, in render
    content = loader.render_to_string(template_name, context, request, using=using)
  File "C:\Users\Alexander\Desktop\bsuir\IGI\253505_Stanishewski_21\STRWEB\LR1\mysite\.venv\lib\site-packages\django\template\loader.py", line 61, in render_to_string
    template = get_template(template_name, using=using)
  File "C:\Users\Alexander\Desktop\bsuir\IGI\253505_Stanishewski_21\STRWEB\LR1\mysite\.venv\lib\site-packages\django\template\loader.py", line 15, in get_template
    return engine.get_template(template_name)
  File "C:\Users\Alexander\Desktop\bsuir\IGI\253505_Stanishewski_21\STRWEB\LR1\mysite\.venv\lib\site-packages\django\template\backends\django.py", line 33, in get_template
    return Template(self.engine.get_template(template_name), self)
  File "C:\Users\Alexander\Desktop\bsuir\IGI\253505_Stanishewski_21\STRWEB\LR1\mysite\.venv\lib\site-packages\django\template\engine.py", line 177, in get_template
    template, origin = self.find_template(template_name)
  File "C:\Users\Alexander\Desktop\bsuir\IGI\253505_Stanishewski_21\STRWEB\LR1\mysite\.venv\lib\site-packages\django\template\engine.py", line 159, in find_template
    template = loader.get_template(name, skip=skip)
  File "C:\Users\Alexander\Desktop\bsuir\IGI\253505_Stanishewski_21\STRWEB\LR1\mysite\.venv\lib\site-packages\django\template\loaders\cached.py", line 57, in get_template
    template = super().get_template(template_name, skip)
  File "C:\Users\Alexander\Desktop\bsuir\IGI\253505_Stanishewski_21\STRWEB\LR1\mysite\.venv\lib\site-packages\django\template\loaders\base.py", line 28, in get_template
    return Template(
  File "C:\Users\Alexander\Desktop\bsuir\IGI\253505_Stanishewski_21\STRWEB\LR1\mysite\.venv\lib\site-packages\django\template\base.py", line 154, in __init__
    self.nodelist = self.compile_nodelist()
  File "C:\Users\Alexander\Desktop\bsuir\IGI\253505_Stanishewski_21\STRWEB\LR1\mysite\.venv\lib\site-packages\django\template\base.py", line 196, in compile_nodelist
    return parser.parse()
  File "C:\Users\Alexander\Desktop\bsuir\IGI\253505_Stanishewski_21\STRWEB\LR1\mysite\.venv\lib\site-packages\django\template\base.py", line 510, in parse
    raise self.error(token, e)
  File "C:\Users\Alexander\Desktop\bsuir\IGI\253505_Stanishewski_21\STRWEB\LR1\mysite\.venv\lib\site-packages\django\template\base.py", line 508, in parse
    compiled_result = compile_func(self, token)
  File "C:\Users\Alexander\Desktop\bsuir\IGI\253505_Stanishewski_21\STRWEB\LR1\mysite\.venv\lib\site-packages\django\template\loader_tags.py", line 295, in do_extends
    nodelist = parser.parse()
  File "C:\Users\Alexander\Desktop\bsuir\IGI\253505_Stanishewski_21\STRWEB\LR1\mysite\.venv\lib\site-packages\django\template\base.py", line 510, in parse
    raise self.error(token, e)
  File "C:\Users\Alexander\Desktop\bsuir\IGI\253505_Stanishewski_21\STRWEB\LR1\mysite\.venv\lib\site-packages\django\template\base.py", line 508, in parse
    compiled_result = compile_func(self, token)
  File "C:\Users\Alexander\Desktop\bsuir\IGI\253505_Stanishewski_21\STRWEB\LR1\mysite\.venv\lib\site-packages\django\template\loader_tags.py", line 234, in do_block
    nodelist = parser.parse(("endblock",))
  File "C:\Users\Alexander\Desktop\bsuir\IGI\253505_Stanishewski_21\STRWEB\LR1\mysite\.venv\lib\site-packages\django\template\base.py", line 515, in parse
    self.unclosed_block_tag(parse_until)
  File "C:\Users\Alexander\Desktop\bsuir\IGI\253505_Stanishewski_21\STRWEB\LR1\mysite\.venv\lib\site-packages\django\template\base.py", line 578, in unclosed_block_tag
    raise self.error(token, msg)
django.template.exceptions.TemplateSyntaxError: Unclosed tag on line 6: 'block'. Looking for one of: endblock.
2024-10-12 22:10:02,390 - main.views - INFO - In about us
2024-10-12 22:10:02,570 - django.request - ERROR - Internal Server Error: /about
Traceback (most recent call last):
  File "C:\Users\Alexander\Desktop\bsuir\IGI\253505_Stanishewski_21\STRWEB\LR1\mysite\.venv\lib\site-packages\django\core\handlers\exception.py", line 55, in inner
    response = get_response(request)
  File "C:\Users\Alexander\Desktop\bsuir\IGI\253505_Stanishewski_21\STRWEB\LR1\mysite\.venv\lib\site-packages\django\core\handlers\base.py", line 197, in _get_response
    response = wrapped_callback(request, *callback_args, **callback_kwargs)
  File "C:\Users\Alexander\Desktop\bsuir\IGI\253505_Stanishewski_21\STRWEB\LR1\mysite\cleaningsite\main\views.py", line 136, in about
    return render(request,"main/about.html",{'information':inforamation})
  File "C:\Users\Alexander\Desktop\bsuir\IGI\253505_Stanishewski_21\STRWEB\LR1\mysite\.venv\lib\site-packages\django\shortcuts.py", line 25, in render
    content = loader.render_to_string(template_name, context, request, using=using)
  File "C:\Users\Alexander\Desktop\bsuir\IGI\253505_Stanishewski_21\STRWEB\LR1\mysite\.venv\lib\site-packages\django\template\loader.py", line 61, in render_to_string
    template = get_template(template_name, using=using)
  File "C:\Users\Alexander\Desktop\bsuir\IGI\253505_Stanishewski_21\STRWEB\LR1\mysite\.venv\lib\site-packages\django\template\loader.py", line 15, in get_template
    return engine.get_template(template_name)
  File "C:\Users\Alexander\Desktop\bsuir\IGI\253505_Stanishewski_21\STRWEB\LR1\mysite\.venv\lib\site-packages\django\template\backends\django.py", line 33, in get_template
    return Template(self.engine.get_template(template_name), self)
  File "C:\Users\Alexander\Desktop\bsuir\IGI\253505_Stanishewski_21\STRWEB\LR1\mysite\.venv\lib\site-packages\django\template\engine.py", line 177, in get_template
    template, origin = self.find_template(template_name)
  File "C:\Users\Alexander\Desktop\bsuir\IGI\253505_Stanishewski_21\STRWEB\LR1\mysite\.venv\lib\site-packages\django\template\engine.py", line 159, in find_template
    template = loader.get_template(name, skip=skip)
  File "C:\Users\Alexander\Desktop\bsuir\IGI\253505_Stanishewski_21\STRWEB\LR1\mysite\.venv\lib\site-packages\django\template\loaders\cached.py", line 57, in get_template
    template = super().get_template(template_name, skip)
  File "C:\Users\Alexander\Desktop\bsuir\IGI\253505_Stanishewski_21\STRWEB\LR1\mysite\.venv\lib\site-packages\django\template\loaders\base.py", line 28, in get_template
    return Template(
  File "C:\Users\Alexander\Desktop\bsuir\IGI\253505_Stanishewski_21\STRWEB\LR1\mysite\.venv\lib\site-packages\django\template\base.py", line 154, in __init__
    self.nodelist = self.compile_nodelist()
  File "C:\Users\Alexander\Desktop\bsuir\IGI\253505_Stanishewski_21\STRWEB\LR1\mysite\.venv\lib\site-packages\django\template\base.py", line 196, in compile_nodelist
    return parser.parse()
  File "C:\Users\Alexander\Desktop\bsuir\IGI\253505_Stanishewski_21\STRWEB\LR1\mysite\.venv\lib\site-packages\django\template\base.py", line 510, in parse
    raise self.error(token, e)
  File "C:\Users\Alexander\Desktop\bsuir\IGI\253505_Stanishewski_21\STRWEB\LR1\mysite\.venv\lib\site-packages\django\template\base.py", line 508, in parse
    compiled_result = compile_func(self, token)
  File "C:\Users\Alexander\Desktop\bsuir\IGI\253505_Stanishewski_21\STRWEB\LR1\mysite\.venv\lib\site-packages\django\template\loader_tags.py", line 295, in do_extends
    nodelist = parser.parse()
  File "C:\Users\Alexander\Desktop\bsuir\IGI\253505_Stanishewski_21\STRWEB\LR1\mysite\.venv\lib\site-packages\django\template\base.py", line 510, in parse
    raise self.error(token, e)
  File "C:\Users\Alexander\Desktop\bsuir\IGI\253505_Stanishewski_21\STRWEB\LR1\mysite\.venv\lib\site-packages\django\template\base.py", line 508, in parse
    compiled_result = compile_func(self, token)
  File "C:\Users\Alexander\Desktop\bsuir\IGI\253505_Stanishewski_21\STRWEB\LR1\mysite\.venv\lib\site-packages\django\template\loader_tags.py", line 234, in do_block
    nodelist = parser.parse(("endblock",))
  File "C:\Users\Alexander\Desktop\bsuir\IGI\253505_Stanishewski_21\STRWEB\LR1\mysite\.venv\lib\site-packages\django\template\base.py", line 515, in parse
    self.unclosed_block_tag(parse_until)
  File "C:\Users\Alexander\Desktop\bsuir\IGI\253505_Stanishewski_21\STRWEB\LR1\mysite\.venv\lib\site-packages\django\template\base.py", line 578, in unclosed_block_tag
    raise self.error(token, msg)
django.template.exceptions.TemplateSyntaxError: Unclosed tag on line 6: 'block'. Looking for one of: endblock.
2024-10-12 22:10:14,363 - main.views - INFO - In about us
2024-10-12 22:11:08,715 - main.views - INFO - In about us
2024-10-12 22:11:44,794 - main.views - INFO - In about us
2024-10-12 22:11:45,327 - main.views - INFO - In about us
2024-10-12 22:13:31,493 - main.views - INFO - In about us
2024-10-12 22:13:32,091 - main.views - INFO - In about us
2024-10-12 22:17:50,395 - main.views - INFO - In about us
2024-10-12 22:19:15,392 - main.views - INFO - In about us
2024-10-12 22:21:34,044 - main.views - INFO - In about us
2024-10-12 22:22:04,548 - main.views - INFO - In about us
2024-10-12 22:22:05,487 - main.views - INFO - In about us
2024-10-12 22:23:45,720 - main.views - INFO - In about us
2024-10-12 22:24:15,023 - main.views - INFO - In about us
2024-10-12 22:24:28,335 - main.views - INFO - In about us
2024-10-12 22:24:45,707 - main.views - INFO - In about us
2024-10-12 22:24:47,066 - main.views - INFO - In about us
2024-10-12 22:25:15,091 - main.views - INFO - In about us
2024-10-12 22:25:25,372 - main.views - INFO - In about us
2024-10-12 22:25:49,504 - main.views - INFO - In about us
2024-10-12 22:26:05,020 - main.views - INFO - In about us
2024-10-12 22:26:14,636 - main.views - INFO - In about us
2024-10-12 22:27:14,923 - main.views - INFO - In about us
2024-10-12 22:27:30,141 - main.views - INFO - In about us
2024-10-12 22:27:53,147 - main.views - INFO - In about us
2024-10-12 22:29:31,938 - main.views - INFO - In about us
2024-10-12 22:29:56,210 - main.views - INFO - In about us
2024-10-12 22:29:57,146 - main.views - INFO - In about us
2024-10-12 22:29:57,757 - main.views - INFO - In about us
2024-10-12 22:30:20,002 - main.views - INFO - In about us
2024-10-12 22:34:57,006 - main.views - INFO - In about us
2024-10-12 22:41:29,257 - main.views - INFO - In orders
2024-10-12 22:42:00,157 - main.views - INFO - In orders
2024-10-12 22:43:14,737 - main.views - INFO - In orders
2024-10-12 22:43:20,415 - main.views - INFO - In login
2024-10-12 22:43:21,952 - main.views - INFO - In register
2024-10-12 22:43:28,989 - main.views - INFO - In login
2024-10-12 22:43:32,542 - main.views - INFO - In login
2024-10-12 22:43:35,288 - main.views - INFO - In cart
2024-10-12 22:43:44,795 - main.views - INFO - In cart
2024-10-12 22:43:53,007 - main.views - INFO - In login
2024-10-12 22:43:55,347 - main.views - INFO - In login
2024-10-12 22:43:56,809 - main.views - INFO - employee is looking for orders
2024-10-12 22:43:58,182 - main.views - INFO - Someone edited order
2024-10-12 22:44:03,183 - main.views - INFO - In profile
2024-10-12 22:44:47,892 - main.views - INFO - In profile
2024-10-12 22:44:54,752 - main.views - INFO - In about us
2024-10-13 18:17:57,959 - main.views - INFO - In about us
2024-10-13 18:19:33,065 - main.views - INFO - In about us
2024-10-13 18:21:06,380 - main.views - INFO - In about us
2024-10-13 18:21:07,616 - main.views - INFO - In about us
2024-10-13 18:21:18,905 - main.views - INFO - In about us
2024-10-13 18:21:19,442 - main.views - INFO - In about us
2024-10-13 18:21:19,675 - main.views - INFO - In about us
2024-10-13 18:21:20,287 - main.views - INFO - In about us
2024-10-13 18:21:27,348 - main.views - INFO - In about us
2024-10-13 18:21:28,310 - main.views - INFO - In about us
2024-10-13 18:21:29,280 - main.views - INFO - In about us
2024-10-13 18:21:29,715 - main.views - INFO - In about us
2024-10-13 18:21:29,909 - main.views - INFO - In about us
2024-10-13 18:22:31,406 - main.views - INFO - In login
2024-10-13 18:22:33,431 - main.views - INFO - In login
2024-10-13 18:22:34,949 - main.views - INFO - In register
2024-10-13 18:23:44,720 - main.views - INFO - In register
2024-10-13 18:26:28,882 - main.views - INFO - In register
2024-10-13 18:26:48,140 - main.views - INFO - In register
2024-10-13 18:27:15,746 - main.views - INFO - In register
2024-10-13 18:28:54,703 - main.views - INFO - In register
2024-10-13 18:28:55,479 - main.views - INFO - In register
2024-10-13 18:33:36,176 - main.views - INFO - In register
2024-10-13 18:34:07,178 - main.views - INFO - In register
2024-10-13 18:35:59,885 - main.views - INFO - In register
2024-10-13 18:36:04,276 - main.views - INFO - In register
2024-10-13 18:36:04,732 - main.views - INFO - In register
2024-10-13 18:36:04,971 - main.views - INFO - In register
2024-10-13 18:36:05,390 - main.views - INFO - In register
2024-10-13 18:36:23,853 - main.views - INFO - In register
2024-10-13 18:38:05,251 - main.views - INFO - In register
2024-10-13 18:38:09,515 - main.views - INFO - In login
2024-10-13 18:40:56,571 - main.views - INFO - In login
2024-10-13 18:40:58,086 - main.views - INFO - In register
2024-10-13 18:41:25,286 - main.views - INFO - In login
2024-10-13 18:41:27,117 - main.views - INFO - In register
2024-10-13 18:41:59,052 - main.views - INFO - In register
2024-10-13 18:43:13,590 - main.views - INFO - In register
2024-10-13 18:43:16,449 - main.views - INFO - In login
2024-10-13 18:43:22,135 - main.views - INFO - In register
2024-10-13 18:45:42,942 - main.views - INFO - In register
2024-10-13 18:45:56,312 - main.views - INFO - In register
2024-10-13 18:46:00,704 - main.views - INFO - In login
2024-10-13 18:46:02,379 - main.views - INFO - In login
2024-10-13 18:46:05,882 - main.views - INFO - In login
2024-10-13 18:46:07,128 - main.views - INFO - In register
2024-10-13 18:47:24,856 - main.views - INFO - In register
2024-10-13 18:47:35,256 - django.request - WARNING - Not Found: /favicon.ico
2024-10-13 18:48:19,405 - main.views - INFO - In login
2024-10-13 18:48:21,866 - main.views - INFO - In register
2024-10-13 18:49:48,084 - main.views - INFO - In register
2024-10-13 18:50:31,408 - main.views - INFO - In register
2024-10-13 18:51:11,698 - main.views - INFO - In register
2024-10-13 18:51:52,189 - main.views - INFO - In register
2024-10-13 18:52:26,831 - main.views - INFO - In register
2024-10-13 18:52:41,735 - main.views - INFO - In login
2024-10-13 18:52:43,793 - main.views - INFO - In login
2024-10-13 18:52:45,346 - main.views - INFO - In profile
2024-10-13 18:53:02,597 - main.views - INFO - In about us
2024-10-13 18:53:06,233 - main.views - INFO - In about us
2024-10-13 18:53:12,955 - main.views - INFO - In login
2024-10-14 14:57:02,876 - main.views - INFO - In login
2024-10-14 14:57:24,752 - main.views - INFO - In orders
2024-10-14 14:57:30,439 - main.views - INFO - In orders
2024-10-14 14:57:30,584 - django.request - ERROR - Internal Server Error: /api_combined/
Traceback (most recent call last):
  File "C:\Users\Alexander\Desktop\bsuir\IGI\253505_Stanishewski_21\STRWEB\LR1\mysite\.venv\lib\site-packages\urllib3\connection.py", line 198, in _new_conn
    sock = connection.create_connection(
  File "C:\Users\Alexander\Desktop\bsuir\IGI\253505_Stanishewski_21\STRWEB\LR1\mysite\.venv\lib\site-packages\urllib3\util\connection.py", line 60, in create_connection
    for res in socket.getaddrinfo(host, port, family, socket.SOCK_STREAM):
  File "C:\Program Files\WindowsApps\PythonSoftwareFoundation.Python.3.10_3.10.3056.0_x64__qbz5n2kfra8p0\lib\socket.py", line 955, in getaddrinfo
    for res in _socket.getaddrinfo(host, port, family, type, proto, flags):
socket.gaierror: [Errno 11001] getaddrinfo failed

The above exception was the direct cause of the following exception:

Traceback (most recent call last):
  File "C:\Users\Alexander\Desktop\bsuir\IGI\253505_Stanishewski_21\STRWEB\LR1\mysite\.venv\lib\site-packages\urllib3\connectionpool.py", line 793, in urlopen
    response = self._make_request(
  File "C:\Users\Alexander\Desktop\bsuir\IGI\253505_Stanishewski_21\STRWEB\LR1\mysite\.venv\lib\site-packages\urllib3\connectionpool.py", line 491, in _make_request
    raise new_e
  File "C:\Users\Alexander\Desktop\bsuir\IGI\253505_Stanishewski_21\STRWEB\LR1\mysite\.venv\lib\site-packages\urllib3\connectionpool.py", line 467, in _make_request
    self._validate_conn(conn)
  File "C:\Users\Alexander\Desktop\bsuir\IGI\253505_Stanishewski_21\STRWEB\LR1\mysite\.venv\lib\site-packages\urllib3\connectionpool.py", line 1099, in _validate_conn
    conn.connect()
  File "C:\Users\Alexander\Desktop\bsuir\IGI\253505_Stanishewski_21\STRWEB\LR1\mysite\.venv\lib\site-packages\urllib3\connection.py", line 616, in connect
    self.sock = sock = self._new_conn()
  File "C:\Users\Alexander\Desktop\bsuir\IGI\253505_Stanishewski_21\STRWEB\LR1\mysite\.venv\lib\site-packages\urllib3\connection.py", line 205, in _new_conn
    raise NameResolutionError(self.host, self, e) from e
urllib3.exceptions.NameResolutionError: <urllib3.connection.HTTPSConnection object at 0x0000017EBD741D20>: Failed to resolve 'api.nationalize.io' ([Errno 11001] getaddrinfo failed)

The above exception was the direct cause of the following exception:

Traceback (most recent call last):
  File "C:\Users\Alexander\Desktop\bsuir\IGI\253505_Stanishewski_21\STRWEB\LR1\mysite\.venv\lib\site-packages\requests\adapters.py", line 589, in send
    resp = conn.urlopen(
  File "C:\Users\Alexander\Desktop\bsuir\IGI\253505_Stanishewski_21\STRWEB\LR1\mysite\.venv\lib\site-packages\urllib3\connectionpool.py", line 847, in urlopen
    retries = retries.increment(
  File "C:\Users\Alexander\Desktop\bsuir\IGI\253505_Stanishewski_21\STRWEB\LR1\mysite\.venv\lib\site-packages\urllib3\util\retry.py", line 515, in increment
    raise MaxRetryError(_pool, url, reason) from reason  # type: ignore[arg-type]
urllib3.exceptions.MaxRetryError: HTTPSConnectionPool(host='api.nationalize.io', port=443): Max retries exceeded with url: /?name=John (Caused by NameResolutionError("<urllib3.connection.HTTPSConnection object at 0x0000017EBD741D20>: Failed to resolve 'api.nationalize.io' ([Errno 11001] getaddrinfo failed)"))

During handling of the above exception, another exception occurred:

Traceback (most recent call last):
  File "C:\Users\Alexander\Desktop\bsuir\IGI\253505_Stanishewski_21\STRWEB\LR1\mysite\.venv\lib\site-packages\django\core\handlers\exception.py", line 55, in inner
    response = get_response(request)
  File "C:\Users\Alexander\Desktop\bsuir\IGI\253505_Stanishewski_21\STRWEB\LR1\mysite\.venv\lib\site-packages\django\core\handlers\base.py", line 197, in _get_response
    response = wrapped_callback(request, *callback_args, **callback_kwargs)
  File "C:\Users\Alexander\Desktop\bsuir\IGI\253505_Stanishewski_21\STRWEB\LR1\mysite\cleaningsite\main\views.py", line 725, in api_combined_view
    response = requests.get(f'https://api.nationalize.io/?name={name}')
  File "C:\Users\Alexander\Desktop\bsuir\IGI\253505_Stanishewski_21\STRWEB\LR1\mysite\.venv\lib\site-packages\requests\api.py", line 73, in get
    return request("get", url, params=params, **kwargs)
  File "C:\Users\Alexander\Desktop\bsuir\IGI\253505_Stanishewski_21\STRWEB\LR1\mysite\.venv\lib\site-packages\requests\api.py", line 59, in request
    return session.request(method=method, url=url, **kwargs)
  File "C:\Users\Alexander\Desktop\bsuir\IGI\253505_Stanishewski_21\STRWEB\LR1\mysite\.venv\lib\site-packages\requests\sessions.py", line 589, in request
    resp = self.send(prep, **send_kwargs)
  File "C:\Users\Alexander\Desktop\bsuir\IGI\253505_Stanishewski_21\STRWEB\LR1\mysite\.venv\lib\site-packages\requests\sessions.py", line 703, in send
    r = adapter.send(request, **kwargs)
  File "C:\Users\Alexander\Desktop\bsuir\IGI\253505_Stanishewski_21\STRWEB\LR1\mysite\.venv\lib\site-packages\requests\adapters.py", line 622, in send
    raise ConnectionError(e, request=request)
requests.exceptions.ConnectionError: HTTPSConnectionPool(host='api.nationalize.io', port=443): Max retries exceeded with url: /?name=John (Caused by NameResolutionError("<urllib3.connection.HTTPSConnection object at 0x0000017EBD741D20>: Failed to resolve 'api.nationalize.io' ([Errno 11001] getaddrinfo failed)"))
2024-10-14 14:57:36,839 - main.views - INFO - In employee profile
2024-10-14 14:59:48,481 - main.views - INFO - In login
2024-10-14 15:00:18,211 - main.views - INFO - In profile
2024-10-14 15:01:41,135 - main.views - INFO - In login
2024-10-14 15:01:43,318 - main.views - INFO - In register
2024-10-14 15:01:45,768 - main.views - INFO - In login
2024-10-14 15:01:48,750 - main.views - INFO - In register
2024-10-14 15:01:57,769 - main.views - INFO - In login
2024-10-14 15:02:09,815 - main.views - INFO - In profile
2024-10-14 15:02:14,857 - main.views - INFO - In about us
2024-10-14 15:02:16,869 - main.views - INFO - In login
2024-10-14 15:02:21,685 - main.views - INFO - In login
2024-10-14 15:02:25,252 - main.views - INFO - In profile
2024-10-14 15:02:28,875 - main.views - INFO - In orders
2024-10-14 15:02:33,282 - main.views - INFO - In orders
2024-10-14 15:02:37,338 - main.views - INFO - In about us
2024-10-14 15:06:13,435 - main.views - INFO - In profile
2024-10-14 15:06:18,903 - main.views - INFO - In user edit
2024-10-14 15:06:27,501 - main.views - INFO - In profile
2024-10-14 15:10:59,942 - main.views - INFO - In login
2024-10-14 15:11:05,306 - main.views - INFO - In login
2024-10-14 15:11:23,053 - main.views - INFO - In managment
2024-10-14 15:11:53,593 - main.views - INFO - In profile
2024-10-14 17:42:56,787 - main.views - INFO - In profile
2024-10-14 17:43:45,458 - main.views - INFO - In login
2024-10-14 17:44:12,216 - main.views - INFO - In profile
2024-10-14 17:44:14,021 - main.views - INFO - In login
2024-10-14 17:44:18,245 - main.views - INFO - In login
2024-10-14 17:44:21,666 - main.views - INFO - In profile
2024-10-14 17:44:24,897 - main.views - INFO - In orders
2024-10-14 17:44:28,393 - main.views - INFO - In user edit
2024-10-14 17:44:40,791 - main.views - INFO - In profile
2024-10-15 16:30:51,492 - main.views - INFO - In login
2024-10-15 16:30:54,939 - main.views - INFO - In login
2024-10-15 16:31:04,941 - main.views - INFO - In managment
2024-10-15 16:31:33,002 - main.views - INFO - In managment
2024-10-15 16:36:57,395 - main.views - INFO - In managment
2024-10-15 16:37:31,177 - main.views - INFO - In managment
2024-10-15 16:37:33,683 - main.views - INFO - In managment
2024-10-15 16:37:48,666 - main.views - INFO - In managment
2024-10-15 16:37:49,632 - main.views - INFO - In managment
2024-10-15 16:38:02,467 - main.views - INFO - In managment
2024-10-15 16:38:10,306 - main.views - INFO - In employee profile
2024-10-15 16:43:24,862 - main.views - INFO - In managment
2024-10-15 16:52:25,796 - main.views - INFO - In managment
2024-10-15 16:52:35,087 - main.views - INFO - In employee profile
2024-10-15 16:52:47,528 - main.views - INFO - In employee profile
2024-10-15 16:53:08,153 - main.views - INFO - In managment
2024-10-15 16:53:31,047 - main.views - INFO - In managment
2024-10-15 16:53:32,071 - main.views - INFO - In managment
2024-10-15 16:53:35,898 - main.views - INFO - In managment
2024-10-15 16:55:09,123 - main.views - INFO - In managment
2024-10-15 16:55:10,369 - main.views - INFO - In managment
2024-10-15 16:55:12,045 - main.views - INFO - In managment
2024-10-15 16:55:12,980 - main.views - INFO - In managment
2024-10-15 16:56:09,325 - main.views - INFO - In managment
2024-10-15 16:56:19,114 - main.views - INFO - In managment
2024-10-15 16:59:45,803 - main.views - INFO - In managment
2024-10-15 16:59:55,264 - main.views - INFO - In orders
2024-10-15 17:00:00,968 - main.views - INFO - In managment
2024-10-15 17:00:02,358 - main.views - INFO - In managment
2024-10-15 17:00:02,614 - main.views - INFO - In managment
2024-10-15 17:00:02,880 - main.views - INFO - In managment
2024-10-15 17:00:03,450 - main.views - INFO - In managment
2024-10-15 17:04:50,678 - main.views - INFO - In managment
2024-10-15 17:05:03,898 - main.views - INFO - In managment
2024-10-15 17:05:17,484 - main.views - INFO - In managment
2024-10-15 17:07:50,761 - main.views - INFO - In managment
2024-10-15 17:08:54,809 - main.views - INFO - In managment
2024-10-15 17:09:31,759 - main.views - INFO - In managment
2024-10-15 17:10:18,811 - main.views - INFO - In managment
2024-10-15 17:11:27,971 - main.views - INFO - In managment
2024-10-15 17:12:45,844 - main.views - INFO - In managment
2024-10-16 00:16:30,466 - django.request - WARNING - Not Found: /favicon.ico
2024-10-16 12:54:23,581 - main.views - INFO - In about us
2024-10-16 12:54:27,305 - main.views - INFO - In login
2024-10-16 12:58:54,792 - main.views - INFO - In orders
2024-10-16 12:58:57,558 - main.views - INFO - In orders
2024-10-16 13:09:33,257 - django.request - WARNING - Not Found: /favicon.ico
2024-10-16 13:35:30,062 - main.views - INFO - In create
2024-10-16 13:49:10,246 - main.views - INFO - In about us
2024-10-16 13:51:29,333 - main.views - INFO - In login
2024-10-16 13:51:32,071 - main.views - INFO - In login
2024-10-16 14:00:35,560 - main.views - INFO - In profile
2024-10-16 14:00:56,402 - main.views - INFO - In user edit
2024-10-16 14:00:59,058 - main.views - INFO - In orders
2024-10-16 14:01:38,659 - main.views - INFO - In orders
2024-10-16 14:05:39,805 - main.views - INFO - In login
2024-10-16 14:05:42,289 - main.views - INFO - In login
2024-10-16 14:05:45,809 - main.views - INFO - In managment
2024-10-16 14:05:47,925 - main.views - INFO - In employee profile
2024-10-16 14:07:43,409 - main.views - INFO - In managment
2024-10-16 14:09:56,231 - main.views - INFO - In orders
2024-10-16 14:09:59,583 - main.views - INFO - In login
2024-10-16 14:10:02,692 - main.views - INFO - In login
2024-10-16 14:10:04,372 - main.views - INFO - employee is looking for orders
2024-10-16 14:17:03,477 - main.views - INFO - In login
2024-10-16 14:17:05,443 - main.views - INFO - In login
2024-10-16 14:17:07,635 - main.views - INFO - In create
2024-10-16 14:22:33,189 - main.views - INFO - In create
2024-10-16 14:22:47,547 - main.views - INFO - In create
2024-10-16 14:22:52,913 - main.views - INFO - In create
2024-10-16 14:23:41,253 - main.views - INFO - In create
2024-10-16 14:29:00,153 - main.views - INFO - In create
2024-10-16 17:38:30,593 - main.views - INFO - In about us
2024-10-16 17:58:21,023 - main.views - INFO - In about us
2024-10-16 18:03:31,078 - main.views - INFO - In about us
